Using pre-set license
Built from '2020.3/staging' branch; Version is '2020.3.43f1 (75bff06b76bf) revision 7716848'; Using compiler version '192528614'; Build Type 'Release'
OS: 'Windows 10  (10.0.19044) 64bit Core' Language: 'en' Physical Memory: 32509 MB
BatchMode: 1, IsHumanControllingUs: 0, StartBugReporterOnCrash: 0, Is64bit: 1, IsPro: 0

COMMAND LINE ARGUMENTS:
C:\Program Files\Unity\Hub\Editor\2020.3.43f1\Editor\Unity.exe
-adb2
-batchMode
-noUpm
-name
AssetImportWorker0
-projectPath
C:/Users/colek/OneDrive/Desktop/Unity Projects/TD/TowerDefense/TD
-logFile
Logs/AssetImportWorker0.log
-srvPort
57031
Successfully changed project path to: C:/Users/colek/OneDrive/Desktop/Unity Projects/TD/TowerDefense/TD
C:/Users/colek/OneDrive/Desktop/Unity Projects/TD/TowerDefense/TD
Using Asset Import Pipeline V2.
Refreshing native plugins compatible for Editor in 65.49 ms, found 3 plugins.
Preloading 0 native plugins for Editor in 0.00 ms.
Initialize engine version: 2020.3.43f1 (75bff06b76bf)
[Subsystems] Discovering subsystems at path C:/Program Files/Unity/Hub/Editor/2020.3.43f1/Editor/Data/Resources/UnitySubsystems
[Subsystems] Discovering subsystems at path C:/Users/colek/OneDrive/Desktop/Unity Projects/TD/TowerDefense/TD/Assets
GfxDevice: creating device client; threaded=0
Direct3D:
    Version:  Direct3D 11.0 [level 11.1]
    Renderer: NVIDIA GeForce GTX 1070 Ti (ID=0x1b82)
    Vendor:   
    VRAM:     8073 MB
    Driver:   31.0.15.3168
Initialize mono
Mono path[0] = 'C:/Program Files/Unity/Hub/Editor/2020.3.43f1/Editor/Data/Managed'
Mono path[1] = 'C:/Program Files/Unity/Hub/Editor/2020.3.43f1/Editor/Data/MonoBleedingEdge/lib/mono/unityjit'
Mono config path = 'C:/Program Files/Unity/Hub/Editor/2020.3.43f1/Editor/Data/MonoBleedingEdge/etc'
Using monoOptions --debugger-agent=transport=dt_socket,embedding=1,server=y,suspend=n,address=127.0.0.1:56580
Begin MonoManager ReloadAssembly
Registering precompiled unity dll's ...
Register platform support module: C:/Program Files/Unity/Hub/Editor/2020.3.43f1/Editor/Data/PlaybackEngines/WindowsStandaloneSupport/UnityEditor.WindowsStandalone.Extensions.dll
Registered in 0.001888 seconds.
Native extension for WindowsStandalone target not found
Refreshing native plugins compatible for Editor in 67.85 ms, found 3 plugins.
Preloading 0 native plugins for Editor in 0.00 ms.
Mono: successfully reloaded assembly
- Completed reload, in  0.659 seconds
Domain Reload Profiling:
	ReloadAssembly (659ms)
		BeginReloadAssembly (75ms)
			ExecutionOrderSort (0ms)
			DisableScriptedObjects (0ms)
			BackupInstance (0ms)
			ReleaseScriptingObjects (0ms)
			CreateAndSetChildDomain (1ms)
		EndReloadAssembly (507ms)
			LoadAssemblies (73ms)
			RebuildTransferFunctionScriptingTraits (0ms)
			SetupTypeCache (155ms)
			ReleaseScriptCaches (0ms)
			RebuildScriptCaches (29ms)
			SetupLoadedEditorAssemblies (211ms)
				LogAssemblyErrors (0ms)
				InitializePlatformSupportModulesInManaged (6ms)
				SetLoadedEditorAssemblies (0ms)
				RefreshPlugins (68ms)
				BeforeProcessingInitializeOnLoad (15ms)
				ProcessInitializeOnLoadAttributes (91ms)
				ProcessInitializeOnLoadMethodAttributes (30ms)
				AfterProcessingInitializeOnLoad (0ms)
				EditorAssembliesLoaded (0ms)
			ExecutionOrderSort2 (0ms)
			AwakeInstancesAfterBackupRestoration (0ms)
Platform modules already initialized, skipping
Registering precompiled user dll's ...
Registered in 0.003385 seconds.
Begin MonoManager ReloadAssembly
Native extension for WindowsStandalone target not found
Refreshing native plugins compatible for Editor in 69.25 ms, found 3 plugins.
Preloading 0 native plugins for Editor in 0.00 ms.
Mono: successfully reloaded assembly
- Completed reload, in  1.225 seconds
Domain Reload Profiling:
	ReloadAssembly (1226ms)
		BeginReloadAssembly (136ms)
			ExecutionOrderSort (0ms)
			DisableScriptedObjects (6ms)
			BackupInstance (0ms)
			ReleaseScriptingObjects (0ms)
			CreateAndSetChildDomain (19ms)
		EndReloadAssembly (1019ms)
			LoadAssemblies (97ms)
			RebuildTransferFunctionScriptingTraits (0ms)
			SetupTypeCache (310ms)
			ReleaseScriptCaches (0ms)
			RebuildScriptCaches (53ms)
			SetupLoadedEditorAssemblies (434ms)
				LogAssemblyErrors (0ms)
				InitializePlatformSupportModulesInManaged (4ms)
				SetLoadedEditorAssemblies (0ms)
				RefreshPlugins (69ms)
				BeforeProcessingInitializeOnLoad (91ms)
				ProcessInitializeOnLoadAttributes (237ms)
				ProcessInitializeOnLoadMethodAttributes (25ms)
				AfterProcessingInitializeOnLoad (7ms)
				EditorAssembliesLoaded (0ms)
			ExecutionOrderSort2 (0ms)
			AwakeInstancesAfterBackupRestoration (2ms)
Platform modules already initialized, skipping
========================================================================
Worker process is ready to serve import requests
Launched and connected shader compiler UnityShaderCompiler.exe after 0.04 seconds
Refreshing native plugins compatible for Editor in 0.60 ms, found 3 plugins.
Preloading 0 native plugins for Editor in 0.00 ms.
Unloading 2217 Unused Serialized files (Serialized files now loaded: 0)
System memory in use before: 101.3 MB.
System memory in use after: 101.3 MB.

Unloading 30 unused Assets to reduce memory usage. Loaded Objects now: 2652.
Total: 2.549900 ms (FindLiveObjects: 0.232400 ms CreateObjectMapping: 0.051900 ms MarkObjects: 2.124200 ms  DeleteObjects: 0.139900 ms)

AssetImportParameters requested are different than current active one (requested -> active):
  custom:framework-win-MediaFoundation: 216162199b28c13a410421893ffa2e32 -> 
  custom:video-decoder-ogg-theora: a1e56fd34408186e4bbccfd4996cb3dc -> 
  custom:container-muxer-webm: aa71ff27fc2769a1b78a27578f13a17b -> 
  custom:container-demuxer-webm: 4f35f7cbe854078d1ac9338744f61a02 -> 
  custom:container-demuxer-ogg: 62fdf1f143b41e24485cea50d1cbac27 -> 
  custom:video-encoder-webm-vp8: eb34c28f22e8b96e1ab97ce403110664 -> 
  custom:video-decoder-webm-vp8: 9c59270c3fd7afecdb556c50c9e8de78 -> 
  custom:audio-decoder-ogg-vorbis: bf7c407c2cedff20999df2af8eb42d56 -> 
  custom:audio-encoder-webm-vorbis: bf7c407c2cedff20999df2af8eb42d56 -> 
========================================================================
Received Import Request.
  path: Assets/Scripts/Enemy/SpawnPoint.cs
  artifactKey: Guid(d92587a6c3d4e764abea9b758822d829) Importer(815301076,1909f56bfc062723c751e8b465ee728b)
Start importing Assets/Scripts/Enemy/SpawnPoint.cs using Guid(d92587a6c3d4e764abea9b758822d829) Importer(815301076,1909f56bfc062723c751e8b465ee728b)  -> (artifact id: 'b632b513d33646e4b8b4257d5c2fed27') in 0.032029 seconds 
========================================================================
Received Import Request.
  Time since last request: 1.253110 seconds.
  path: Assets/Scripts/UnitBuy.cs
  artifactKey: Guid(3a31c3797b6518846911c090074cec13) Importer(815301076,1909f56bfc062723c751e8b465ee728b)
Start importing Assets/Scripts/UnitBuy.cs using Guid(3a31c3797b6518846911c090074cec13) Importer(815301076,1909f56bfc062723c751e8b465ee728b)  -> (artifact id: 'ae076f033a1f45037e23932e2b772737') in 0.009730 seconds 
========================================================================
Received Import Request.
  Time since last request: 70.951631 seconds.
  path: Assets/Scripts/UnitBuy.cs
  artifactKey: Guid(3a31c3797b6518846911c090074cec13) Importer(815301076,1909f56bfc062723c751e8b465ee728b)
Start importing Assets/Scripts/UnitBuy.cs using Guid(3a31c3797b6518846911c090074cec13) Importer(815301076,1909f56bfc062723c751e8b465ee728b)  -> (artifact id: '19ab06d4e998ec1a7c3a523cdc61fc6b') in 0.003126 seconds 
========================================================================
Received Prepare
Registering precompiled user dll's ...
Registered in 0.002948 seconds.
Begin MonoManager ReloadAssembly
Native extension for WindowsStandalone target not found
Refreshing native plugins compatible for Editor in 0.69 ms, found 3 plugins.
Preloading 0 native plugins for Editor in 0.00 ms.
Mono: successfully reloaded assembly
- Completed reload, in  1.071 seconds
Domain Reload Profiling:
	ReloadAssembly (1071ms)
		BeginReloadAssembly (116ms)
			ExecutionOrderSort (0ms)
			DisableScriptedObjects (12ms)
			BackupInstance (0ms)
			ReleaseScriptingObjects (0ms)
			CreateAndSetChildDomain (32ms)
		EndReloadAssembly (893ms)
			LoadAssemblies (98ms)
			RebuildTransferFunctionScriptingTraits (0ms)
			SetupTypeCache (310ms)
			ReleaseScriptCaches (1ms)
			RebuildScriptCaches (45ms)
			SetupLoadedEditorAssemblies (351ms)
				LogAssemblyErrors (0ms)
				InitializePlatformSupportModulesInManaged (5ms)
				SetLoadedEditorAssemblies (0ms)
				RefreshPlugins (1ms)
				BeforeProcessingInitializeOnLoad (97ms)
				ProcessInitializeOnLoadAttributes (224ms)
				ProcessInitializeOnLoadMethodAttributes (17ms)
				AfterProcessingInitializeOnLoad (6ms)
				EditorAssembliesLoaded (0ms)
			ExecutionOrderSort2 (0ms)
			AwakeInstancesAfterBackupRestoration (4ms)
Platform modules already initialized, skipping
Refreshing native plugins compatible for Editor in 0.67 ms, found 3 plugins.
Preloading 0 native plugins for Editor in 0.00 ms.
Unloading 2198 Unused Serialized files (Serialized files now loaded: 0)
System memory in use before: 100.0 MB.
System memory in use after: 100.0 MB.

Unloading 19 unused Assets to reduce memory usage. Loaded Objects now: 2655.
Total: 3.006300 ms (FindLiveObjects: 0.292100 ms CreateObjectMapping: 0.069600 ms MarkObjects: 2.529300 ms  DeleteObjects: 0.114000 ms)

AssetImportParameters requested are different than current active one (requested -> active):
  custom:framework-win-MediaFoundation: 216162199b28c13a410421893ffa2e32 -> 
  custom:video-decoder-ogg-theora: a1e56fd34408186e4bbccfd4996cb3dc -> 
  custom:container-muxer-webm: aa71ff27fc2769a1b78a27578f13a17b -> 
  custom:container-demuxer-webm: 4f35f7cbe854078d1ac9338744f61a02 -> 
  custom:container-demuxer-ogg: 62fdf1f143b41e24485cea50d1cbac27 -> 
  custom:video-encoder-webm-vp8: eb34c28f22e8b96e1ab97ce403110664 -> 
  custom:video-decoder-webm-vp8: 9c59270c3fd7afecdb556c50c9e8de78 -> 
  custom:audio-decoder-ogg-vorbis: bf7c407c2cedff20999df2af8eb42d56 -> 
  custom:audio-encoder-webm-vorbis: bf7c407c2cedff20999df2af8eb42d56 -> 
========================================================================
Received Prepare
Registering precompiled user dll's ...
Registered in 0.003163 seconds.
Begin MonoManager ReloadAssembly
Native extension for WindowsStandalone target not found
Refreshing native plugins compatible for Editor in 0.88 ms, found 3 plugins.
Preloading 0 native plugins for Editor in 0.00 ms.
Mono: successfully reloaded assembly
- Completed reload, in  1.172 seconds
Domain Reload Profiling:
	ReloadAssembly (1173ms)
		BeginReloadAssembly (131ms)
			ExecutionOrderSort (0ms)
			DisableScriptedObjects (7ms)
			BackupInstance (0ms)
			ReleaseScriptingObjects (0ms)
			CreateAndSetChildDomain (37ms)
		EndReloadAssembly (975ms)
			LoadAssemblies (117ms)
			RebuildTransferFunctionScriptingTraits (0ms)
			SetupTypeCache (327ms)
			ReleaseScriptCaches (1ms)
			RebuildScriptCaches (47ms)
			SetupLoadedEditorAssemblies (390ms)
				LogAssemblyErrors (0ms)
				InitializePlatformSupportModulesInManaged (5ms)
				SetLoadedEditorAssemblies (1ms)
				RefreshPlugins (1ms)
				BeforeProcessingInitializeOnLoad (96ms)
				ProcessInitializeOnLoadAttributes (263ms)
				ProcessInitializeOnLoadMethodAttributes (17ms)
				AfterProcessingInitializeOnLoad (7ms)
				EditorAssembliesLoaded (0ms)
			ExecutionOrderSort2 (0ms)
			AwakeInstancesAfterBackupRestoration (6ms)
Platform modules already initialized, skipping
Refreshing native plugins compatible for Editor in 0.77 ms, found 3 plugins.
Preloading 0 native plugins for Editor in 0.00 ms.
Unloading 2198 Unused Serialized files (Serialized files now loaded: 0)
System memory in use before: 100.0 MB.
System memory in use after: 100.0 MB.

Unloading 19 unused Assets to reduce memory usage. Loaded Objects now: 2658.
Total: 2.956100 ms (FindLiveObjects: 0.294600 ms CreateObjectMapping: 0.058200 ms MarkObjects: 2.487500 ms  DeleteObjects: 0.114700 ms)

AssetImportParameters requested are different than current active one (requested -> active):
  custom:framework-win-MediaFoundation: 216162199b28c13a410421893ffa2e32 -> 
  custom:video-decoder-ogg-theora: a1e56fd34408186e4bbccfd4996cb3dc -> 
  custom:container-muxer-webm: aa71ff27fc2769a1b78a27578f13a17b -> 
  custom:container-demuxer-webm: 4f35f7cbe854078d1ac9338744f61a02 -> 
  custom:container-demuxer-ogg: 62fdf1f143b41e24485cea50d1cbac27 -> 
  custom:video-encoder-webm-vp8: eb34c28f22e8b96e1ab97ce403110664 -> 
  custom:video-decoder-webm-vp8: 9c59270c3fd7afecdb556c50c9e8de78 -> 
  custom:audio-decoder-ogg-vorbis: bf7c407c2cedff20999df2af8eb42d56 -> 
  custom:audio-encoder-webm-vorbis: bf7c407c2cedff20999df2af8eb42d56 -> 
========================================================================
Received Import Request.
  Time since last request: 634.648170 seconds.
  path: Assets/Scripts/Projectiles
  artifactKey: Guid(e26b00c93f6a30c4b884a016cd8b0b6f) Importer(815301076,1909f56bfc062723c751e8b465ee728b)
Start importing Assets/Scripts/Projectiles using Guid(e26b00c93f6a30c4b884a016cd8b0b6f) Importer(815301076,1909f56bfc062723c751e8b465ee728b)  -> (artifact id: '9f3082cff6297c73a3846baf86e54ad7') in 0.011975 seconds 
========================================================================
Received Import Request.
  Time since last request: 3.319032 seconds.
  path: Assets/Scripts/GameScripts/TextUpdater.cs
  artifactKey: Guid(71c4e855bc2524c41b5da8defa90cfd4) Importer(815301076,1909f56bfc062723c751e8b465ee728b)
Start importing Assets/Scripts/GameScripts/TextUpdater.cs using Guid(71c4e855bc2524c41b5da8defa90cfd4) Importer(815301076,1909f56bfc062723c751e8b465ee728b)  -> (artifact id: '7dafaa6d0ff1e788fee35216b6017753') in 0.017335 seconds 
========================================================================
Received Prepare
Registering precompiled user dll's ...
Registered in 0.003428 seconds.
Begin MonoManager ReloadAssembly
Native extension for WindowsStandalone target not found
Refreshing native plugins compatible for Editor in 0.67 ms, found 3 plugins.
Preloading 0 native plugins for Editor in 0.00 ms.
Mono: successfully reloaded assembly
- Completed reload, in  1.015 seconds
Domain Reload Profiling:
	ReloadAssembly (1016ms)
		BeginReloadAssembly (118ms)
			ExecutionOrderSort (0ms)
			DisableScriptedObjects (10ms)
			BackupInstance (0ms)
			ReleaseScriptingObjects (0ms)
			CreateAndSetChildDomain (27ms)
		EndReloadAssembly (836ms)
			LoadAssemblies (103ms)
			RebuildTransferFunctionScriptingTraits (0ms)
			SetupTypeCache (272ms)
			ReleaseScriptCaches (1ms)
			RebuildScriptCaches (48ms)
			SetupLoadedEditorAssemblies (332ms)
				LogAssemblyErrors (0ms)
				InitializePlatformSupportModulesInManaged (5ms)
				SetLoadedEditorAssemblies (0ms)
				RefreshPlugins (1ms)
				BeforeProcessingInitializeOnLoad (90ms)
				ProcessInitializeOnLoadAttributes (212ms)
				ProcessInitializeOnLoadMethodAttributes (17ms)
				AfterProcessingInitializeOnLoad (7ms)
				EditorAssembliesLoaded (0ms)
			ExecutionOrderSort2 (0ms)
			AwakeInstancesAfterBackupRestoration (5ms)
Platform modules already initialized, skipping
Refreshing native plugins compatible for Editor in 0.71 ms, found 3 plugins.
Preloading 0 native plugins for Editor in 0.00 ms.
Unloading 2198 Unused Serialized files (Serialized files now loaded: 0)
System memory in use before: 100.1 MB.
System memory in use after: 100.1 MB.

Unloading 19 unused Assets to reduce memory usage. Loaded Objects now: 2661.
Total: 3.182600 ms (FindLiveObjects: 0.230900 ms CreateObjectMapping: 0.057600 ms MarkObjects: 2.722600 ms  DeleteObjects: 0.170300 ms)

AssetImportParameters requested are different than current active one (requested -> active):
  custom:framework-win-MediaFoundation: 216162199b28c13a410421893ffa2e32 -> 
  custom:video-decoder-ogg-theora: a1e56fd34408186e4bbccfd4996cb3dc -> 
  custom:container-muxer-webm: aa71ff27fc2769a1b78a27578f13a17b -> 
  custom:container-demuxer-webm: 4f35f7cbe854078d1ac9338744f61a02 -> 
  custom:container-demuxer-ogg: 62fdf1f143b41e24485cea50d1cbac27 -> 
  custom:video-encoder-webm-vp8: eb34c28f22e8b96e1ab97ce403110664 -> 
  custom:video-decoder-webm-vp8: 9c59270c3fd7afecdb556c50c9e8de78 -> 
  custom:audio-decoder-ogg-vorbis: bf7c407c2cedff20999df2af8eb42d56 -> 
  custom:audio-encoder-webm-vorbis: bf7c407c2cedff20999df2af8eb42d56 -> 
========================================================================
Received Prepare
Registering precompiled user dll's ...
Registered in 0.003671 seconds.
Begin MonoManager ReloadAssembly
Native extension for WindowsStandalone target not found
Refreshing native plugins compatible for Editor in 0.68 ms, found 3 plugins.
Preloading 0 native plugins for Editor in 0.00 ms.
Mono: successfully reloaded assembly
- Completed reload, in  1.139 seconds
Domain Reload Profiling:
	ReloadAssembly (1141ms)
		BeginReloadAssembly (144ms)
			ExecutionOrderSort (0ms)
			DisableScriptedObjects (7ms)
			BackupInstance (0ms)
			ReleaseScriptingObjects (0ms)
			CreateAndSetChildDomain (42ms)
		EndReloadAssembly (925ms)
			LoadAssemblies (129ms)
			RebuildTransferFunctionScriptingTraits (0ms)
			SetupTypeCache (309ms)
			ReleaseScriptCaches (1ms)
			RebuildScriptCaches (43ms)
			SetupLoadedEditorAssemblies (356ms)
				LogAssemblyErrors (0ms)
				InitializePlatformSupportModulesInManaged (4ms)
				SetLoadedEditorAssemblies (0ms)
				RefreshPlugins (1ms)
				BeforeProcessingInitializeOnLoad (94ms)
				ProcessInitializeOnLoadAttributes (227ms)
				ProcessInitializeOnLoadMethodAttributes (19ms)
				AfterProcessingInitializeOnLoad (10ms)
				EditorAssembliesLoaded (0ms)
			ExecutionOrderSort2 (0ms)
			AwakeInstancesAfterBackupRestoration (9ms)
Platform modules already initialized, skipping
Refreshing native plugins compatible for Editor in 0.73 ms, found 3 plugins.
Preloading 0 native plugins for Editor in 0.00 ms.
Unloading 2198 Unused Serialized files (Serialized files now loaded: 0)
System memory in use before: 100.1 MB.
System memory in use after: 100.1 MB.

Unloading 19 unused Assets to reduce memory usage. Loaded Objects now: 2664.
Total: 2.891400 ms (FindLiveObjects: 0.265800 ms CreateObjectMapping: 0.054300 ms MarkObjects: 2.453300 ms  DeleteObjects: 0.116700 ms)

AssetImportParameters requested are different than current active one (requested -> active):
  custom:framework-win-MediaFoundation: 216162199b28c13a410421893ffa2e32 -> 
  custom:video-decoder-ogg-theora: a1e56fd34408186e4bbccfd4996cb3dc -> 
  custom:container-muxer-webm: aa71ff27fc2769a1b78a27578f13a17b -> 
  custom:container-demuxer-webm: 4f35f7cbe854078d1ac9338744f61a02 -> 
  custom:container-demuxer-ogg: 62fdf1f143b41e24485cea50d1cbac27 -> 
  custom:video-encoder-webm-vp8: eb34c28f22e8b96e1ab97ce403110664 -> 
  custom:video-decoder-webm-vp8: 9c59270c3fd7afecdb556c50c9e8de78 -> 
  custom:audio-decoder-ogg-vorbis: bf7c407c2cedff20999df2af8eb42d56 -> 
  custom:audio-encoder-webm-vorbis: bf7c407c2cedff20999df2af8eb42d56 -> 
========================================================================
Received Prepare
Registering precompiled user dll's ...
Registered in 0.003257 seconds.
Begin MonoManager ReloadAssembly
Native extension for WindowsStandalone target not found
Refreshing native plugins compatible for Editor in 0.66 ms, found 3 plugins.
Preloading 0 native plugins for Editor in 0.00 ms.
Mono: successfully reloaded assembly
- Completed reload, in  1.085 seconds
Domain Reload Profiling:
	ReloadAssembly (1085ms)
		BeginReloadAssembly (126ms)
			ExecutionOrderSort (0ms)
			DisableScriptedObjects (7ms)
			BackupInstance (0ms)
			ReleaseScriptingObjects (0ms)
			CreateAndSetChildDomain (31ms)
		EndReloadAssembly (897ms)
			LoadAssemblies (111ms)
			RebuildTransferFunctionScriptingTraits (0ms)
			SetupTypeCache (302ms)
			ReleaseScriptCaches (1ms)
			RebuildScriptCaches (51ms)
			SetupLoadedEditorAssemblies (349ms)
				LogAssemblyErrors (0ms)
				InitializePlatformSupportModulesInManaged (5ms)
				SetLoadedEditorAssemblies (0ms)
				RefreshPlugins (1ms)
				BeforeProcessingInitializeOnLoad (90ms)
				ProcessInitializeOnLoadAttributes (222ms)
				ProcessInitializeOnLoadMethodAttributes (24ms)
				AfterProcessingInitializeOnLoad (6ms)
				EditorAssembliesLoaded (0ms)
			ExecutionOrderSort2 (0ms)
			AwakeInstancesAfterBackupRestoration (4ms)
Platform modules already initialized, skipping
Refreshing native plugins compatible for Editor in 2.26 ms, found 3 plugins.
Preloading 0 native plugins for Editor in 0.00 ms.
Unloading 2198 Unused Serialized files (Serialized files now loaded: 0)
System memory in use before: 100.0 MB.
System memory in use after: 100.0 MB.

Unloading 19 unused Assets to reduce memory usage. Loaded Objects now: 2667.
Total: 2.716900 ms (FindLiveObjects: 0.215300 ms CreateObjectMapping: 0.052100 ms MarkObjects: 2.341700 ms  DeleteObjects: 0.106900 ms)

AssetImportParameters requested are different than current active one (requested -> active):
  custom:framework-win-MediaFoundation: 216162199b28c13a410421893ffa2e32 -> 
  custom:video-decoder-ogg-theora: a1e56fd34408186e4bbccfd4996cb3dc -> 
  custom:container-muxer-webm: aa71ff27fc2769a1b78a27578f13a17b -> 
  custom:container-demuxer-webm: 4f35f7cbe854078d1ac9338744f61a02 -> 
  custom:container-demuxer-ogg: 62fdf1f143b41e24485cea50d1cbac27 -> 
  custom:video-encoder-webm-vp8: eb34c28f22e8b96e1ab97ce403110664 -> 
  custom:video-decoder-webm-vp8: 9c59270c3fd7afecdb556c50c9e8de78 -> 
  custom:audio-decoder-ogg-vorbis: bf7c407c2cedff20999df2af8eb42d56 -> 
  custom:audio-encoder-webm-vorbis: bf7c407c2cedff20999df2af8eb42d56 -> 
========================================================================
Received Import Request.
  Time since last request: 1532.034792 seconds.
  path: Assets/Assets/ART (kenney_platformer-art-deluxe)
  artifactKey: Guid(565d33fbfd121ea47b6cb1c7bd0208c2) Importer(815301076,1909f56bfc062723c751e8b465ee728b)
Start importing Assets/Assets/ART (kenney_platformer-art-deluxe) using Guid(565d33fbfd121ea47b6cb1c7bd0208c2) Importer(815301076,1909f56bfc062723c751e8b465ee728b)  -> (artifact id: '28e4c51419fc785230583df0a375b086') in 0.014981 seconds 
========================================================================
Received Import Request.
  Time since last request: 0.067527 seconds.
  path: Assets/Assets/ART (kenney_platformer-art-deluxe)/preview.png
  artifactKey: Guid(b32a7048fb3d02f40b1c17b0acdc0bc3) Importer(815301076,1909f56bfc062723c751e8b465ee728b)
Start importing Assets/Assets/ART (kenney_platformer-art-deluxe)/preview.png using Guid(b32a7048fb3d02f40b1c17b0acdc0bc3) Importer(815301076,1909f56bfc062723c751e8b465ee728b)  -> (artifact id: '6614d3a14b96ee5a774313ade7b8b708') in 0.175049 seconds 
========================================================================
Received Import Request.
  Time since last request: 0.000194 seconds.
  path: Assets/Assets/ART (kenney_platformer-art-deluxe)/sample.png
  artifactKey: Guid(ab3f656885331e94bb2eeab823c07548) Importer(815301076,1909f56bfc062723c751e8b465ee728b)
Start importing Assets/Assets/ART (kenney_platformer-art-deluxe)/sample.png using Guid(ab3f656885331e94bb2eeab823c07548) Importer(815301076,1909f56bfc062723c751e8b465ee728b)  -> (artifact id: '4b53739ad6a0fc8a07262d3edac10e82') in 0.035509 seconds 
========================================================================
Received Import Request.
  Time since last request: 18.054358 seconds.
  path: Assets/Assets/UFO(kenney_alien-ufo-pack)
  artifactKey: Guid(d0e24b909e5478d408d569a9cf05280e) Importer(815301076,1909f56bfc062723c751e8b465ee728b)
Start importing Assets/Assets/UFO(kenney_alien-ufo-pack) using Guid(d0e24b909e5478d408d569a9cf05280e) Importer(815301076,1909f56bfc062723c751e8b465ee728b)  -> (artifact id: 'fc8b2ae9280a5b6e62e78fc8250e056a') in 0.011208 seconds 
========================================================================
Received Import Request.
  Time since last request: 0.033611 seconds.
  path: Assets/Assets/UFO(kenney_alien-ufo-pack)/Preview.png
  artifactKey: Guid(178cda544fc6961449e1fe78a7423596) Importer(815301076,1909f56bfc062723c751e8b465ee728b)
Start importing Assets/Assets/UFO(kenney_alien-ufo-pack)/Preview.png using Guid(178cda544fc6961449e1fe78a7423596) Importer(815301076,1909f56bfc062723c751e8b465ee728b)  -> (artifact id: '5e37710ea06ff533247a5a2ef195e45f') in 0.034559 seconds 
========================================================================
Received Import Request.
  Time since last request: 0.000151 seconds.
  path: Assets/Assets/UFO(kenney_alien-ufo-pack)/Sample.png
  artifactKey: Guid(64326951c4f2dd248b377afb3250d292) Importer(815301076,1909f56bfc062723c751e8b465ee728b)
Start importing Assets/Assets/UFO(kenney_alien-ufo-pack)/Sample.png using Guid(64326951c4f2dd248b377afb3250d292) Importer(815301076,1909f56bfc062723c751e8b465ee728b)  -> (artifact id: 'a5051ccfcf1b3ef1e36cf9d4f996a65b') in 0.028694 seconds 
========================================================================
Received Import Request.
  Time since last request: 10.774708 seconds.
  path: Assets/Assets/ART (kenney_platformer-art-deluxe)/Extra animations and enemies
  artifactKey: Guid(772426888c4c9854ba7bb9a95391639b) Importer(815301076,1909f56bfc062723c751e8b465ee728b)
Start importing Assets/Assets/ART (kenney_platformer-art-deluxe)/Extra animations and enemies using Guid(772426888c4c9854ba7bb9a95391639b) Importer(815301076,1909f56bfc062723c751e8b465ee728b)  -> (artifact id: '3ebfb71c49a63021f625fd47478bb438') in 0.014002 seconds 
========================================================================
Received Import Request.
  Time since last request: 0.052033 seconds.
  path: Assets/Assets/ART (kenney_platformer-art-deluxe)/Extra animations and enemies/preview.png
  artifactKey: Guid(c374529c9e66a6b46937f528f4fe2059) Importer(815301076,1909f56bfc062723c751e8b465ee728b)
Start importing Assets/Assets/ART (kenney_platformer-art-deluxe)/Extra animations and enemies/preview.png using Guid(c374529c9e66a6b46937f528f4fe2059) Importer(815301076,1909f56bfc062723c751e8b465ee728b)  -> (artifact id: '380d7bf23bf11260d6aea9e3733b2d5e') in 0.030391 seconds 
========================================================================
Received Import Request.
  Time since last request: 0.000180 seconds.
  path: Assets/Assets/ART (kenney_platformer-art-deluxe)/Extra animations and enemies/sample.png
  artifactKey: Guid(b4fbbe65e753ed048b907e9fe2efc90f) Importer(815301076,1909f56bfc062723c751e8b465ee728b)
Start importing Assets/Assets/ART (kenney_platformer-art-deluxe)/Extra animations and enemies/sample.png using Guid(b4fbbe65e753ed048b907e9fe2efc90f) Importer(815301076,1909f56bfc062723c751e8b465ee728b)  -> (artifact id: '933dfa11cd636dde0c8698d47607efc8') in 0.031789 seconds 
========================================================================
Received Import Request.
  Time since last request: 11.925779 seconds.
  path: Assets/Assets/ART (kenney_platformer-art-deluxe)/Base pack
  artifactKey: Guid(7f8464894b1c8cf499c727e174866192) Importer(815301076,1909f56bfc062723c751e8b465ee728b)
Start importing Assets/Assets/ART (kenney_platformer-art-deluxe)/Base pack using Guid(7f8464894b1c8cf499c727e174866192) Importer(815301076,1909f56bfc062723c751e8b465ee728b)  -> (artifact id: '6163b2549ea06aad6723307a41ff5d51') in 0.011267 seconds 
========================================================================
Received Import Request.
  Time since last request: 0.062789 seconds.
  path: Assets/Assets/ART (kenney_platformer-art-deluxe)/Base pack/bg.png
  artifactKey: Guid(88a7ded6a5ec4d94ead2279735fd07d3) Importer(815301076,1909f56bfc062723c751e8b465ee728b)
Start importing Assets/Assets/ART (kenney_platformer-art-deluxe)/Base pack/bg.png using Guid(88a7ded6a5ec4d94ead2279735fd07d3) Importer(815301076,1909f56bfc062723c751e8b465ee728b)  -> (artifact id: 'c1d92248a747a54a39084ad901ba4493') in 0.026014 seconds 
========================================================================
Received Import Request.
  Time since last request: 0.000167 seconds.
  path: Assets/Assets/ART (kenney_platformer-art-deluxe)/Base pack/bg_castle.png
  artifactKey: Guid(0e3e31c3af1b3444a9bbcdaf88a0e09d) Importer(815301076,1909f56bfc062723c751e8b465ee728b)
Start importing Assets/Assets/ART (kenney_platformer-art-deluxe)/Base pack/bg_castle.png using Guid(0e3e31c3af1b3444a9bbcdaf88a0e09d) Importer(815301076,1909f56bfc062723c751e8b465ee728b)  -> (artifact id: '7c4756c8987e4547e0083fd21793cec5') in 0.029086 seconds 
========================================================================
Received Import Request.
  Time since last request: 0.000208 seconds.
  path: Assets/Assets/ART (kenney_platformer-art-deluxe)/Base pack/sample.png
  artifactKey: Guid(524daa4400b472a429bcc679848f6d0b) Importer(815301076,1909f56bfc062723c751e8b465ee728b)
Start importing Assets/Assets/ART (kenney_platformer-art-deluxe)/Base pack/sample.png using Guid(524daa4400b472a429bcc679848f6d0b) Importer(815301076,1909f56bfc062723c751e8b465ee728b)  -> (artifact id: '4c0a83c68a8c5bf39ba000436fe6b386') in 0.031299 seconds 
========================================================================
Received Import Request.
  Time since last request: 0.000158 seconds.
  path: Assets/Assets/ART (kenney_platformer-art-deluxe)/Base pack/preview.png
  artifactKey: Guid(f1cecfa2aec4551428dae8a90ce95712) Importer(815301076,1909f56bfc062723c751e8b465ee728b)
Start importing Assets/Assets/ART (kenney_platformer-art-deluxe)/Base pack/preview.png using Guid(f1cecfa2aec4551428dae8a90ce95712) Importer(815301076,1909f56bfc062723c751e8b465ee728b)  -> (artifact id: 'd4c92b927c96ca20c14e51a22b0f9ee7') in 0.028962 seconds 
========================================================================
Received Prepare
Registering precompiled user dll's ...
Registered in 0.003456 seconds.
Begin MonoManager ReloadAssembly
Native extension for WindowsStandalone target not found
Refreshing native plugins compatible for Editor in 0.65 ms, found 3 plugins.
Preloading 0 native plugins for Editor in 0.00 ms.
Mono: successfully reloaded assembly
- Completed reload, in  0.928 seconds
Domain Reload Profiling:
	ReloadAssembly (928ms)
		BeginReloadAssembly (97ms)
			ExecutionOrderSort (0ms)
			DisableScriptedObjects (6ms)
			BackupInstance (0ms)
			ReleaseScriptingObjects (0ms)
			CreateAndSetChildDomain (28ms)
		EndReloadAssembly (767ms)
			LoadAssemblies (95ms)
			RebuildTransferFunctionScriptingTraits (0ms)
			SetupTypeCache (264ms)
			ReleaseScriptCaches (1ms)
			RebuildScriptCaches (40ms)
			SetupLoadedEditorAssemblies (290ms)
				LogAssemblyErrors (0ms)
				InitializePlatformSupportModulesInManaged (4ms)
				SetLoadedEditorAssemblies (1ms)
				RefreshPlugins (1ms)
				BeforeProcessingInitializeOnLoad (79ms)
				ProcessInitializeOnLoadAttributes (185ms)
				ProcessInitializeOnLoadMethodAttributes (14ms)
				AfterProcessingInitializeOnLoad (6ms)
				EditorAssembliesLoaded (0ms)
			ExecutionOrderSort2 (0ms)
			AwakeInstancesAfterBackupRestoration (4ms)
Platform modules already initialized, skipping
Refreshing native plugins compatible for Editor in 0.65 ms, found 3 plugins.
Preloading 0 native plugins for Editor in 0.00 ms.
Unloading 2198 Unused Serialized files (Serialized files now loaded: 0)
System memory in use before: 103.1 MB.
System memory in use after: 103.1 MB.

Unloading 19 unused Assets to reduce memory usage. Loaded Objects now: 2691.
Total: 2.698900 ms (FindLiveObjects: 0.217300 ms CreateObjectMapping: 0.057100 ms MarkObjects: 2.306500 ms  DeleteObjects: 0.117200 ms)

AssetImportParameters requested are different than current active one (requested -> active):
  custom:framework-win-MediaFoundation: 216162199b28c13a410421893ffa2e32 -> 
  custom:video-decoder-ogg-theora: a1e56fd34408186e4bbccfd4996cb3dc -> 
  custom:container-muxer-webm: aa71ff27fc2769a1b78a27578f13a17b -> 
  custom:container-demuxer-webm: 4f35f7cbe854078d1ac9338744f61a02 -> 
  custom:container-demuxer-ogg: 62fdf1f143b41e24485cea50d1cbac27 -> 
  custom:video-encoder-webm-vp8: eb34c28f22e8b96e1ab97ce403110664 -> 
  custom:video-decoder-webm-vp8: 9c59270c3fd7afecdb556c50c9e8de78 -> 
  custom:audio-decoder-ogg-vorbis: bf7c407c2cedff20999df2af8eb42d56 -> 
  custom:audio-encoder-webm-vorbis: bf7c407c2cedff20999df2af8eb42d56 -> 
========================================================================
Received Import Request.
  Time since last request: 556.561974 seconds.
  path: Assets/PreFabs/Units/Rocket Launcher.prefab
  artifactKey: Guid(2836ff4b2cf80404ab49d9afb66fad4f) Importer(815301076,1909f56bfc062723c751e8b465ee728b)
Start importing Assets/PreFabs/Units/Rocket Launcher.prefab using Guid(2836ff4b2cf80404ab49d9afb66fad4f) Importer(815301076,1909f56bfc062723c751e8b465ee728b)  -> (artifact id: 'c8d76d57e69f60893d66dd8c652ad378') in 0.079225 seconds 
========================================================================
Received Import Request.
  Time since last request: 5.235434 seconds.
  path: Assets/PreFabs/Units/Rocket Launcher.prefab
  artifactKey: Guid(2836ff4b2cf80404ab49d9afb66fad4f) Importer(815301076,1909f56bfc062723c751e8b465ee728b)
Start importing Assets/PreFabs/Units/Rocket Launcher.prefab using Guid(2836ff4b2cf80404ab49d9afb66fad4f) Importer(815301076,1909f56bfc062723c751e8b465ee728b)  -> (artifact id: 'a069dcf3087da5ff3ab4d8a84dcd35d0') in 0.015180 seconds 
========================================================================
Received Import Request.
  Time since last request: 94.042954 seconds.
  path: Assets/Assets/TD(kenney_tower-defense-top-down)
  artifactKey: Guid(fda0f99b403e7674b960dd626ccf6aff) Importer(815301076,1909f56bfc062723c751e8b465ee728b)
Start importing Assets/Assets/TD(kenney_tower-defense-top-down) using Guid(fda0f99b403e7674b960dd626ccf6aff) Importer(815301076,1909f56bfc062723c751e8b465ee728b)  -> (artifact id: 'decb9a44626eae0b18031835467eed0a') in 0.009097 seconds 
========================================================================
Received Import Request.
  Time since last request: 1.191646 seconds.
  path: Assets/Assets/TD(kenney_tower-defense-top-down)/Tilesheet
  artifactKey: Guid(60d638e6628157c43b6a9acd6de7733b) Importer(815301076,1909f56bfc062723c751e8b465ee728b)
Start importing Assets/Assets/TD(kenney_tower-defense-top-down)/Tilesheet using Guid(60d638e6628157c43b6a9acd6de7733b) Importer(815301076,1909f56bfc062723c751e8b465ee728b)  -> (artifact id: '372b20403ef1b00405bdc8a3cc7f9cdb') in 0.007054 seconds 
========================================================================
Received Import Request.
  Time since last request: 0.042547 seconds.
  path: Assets/Assets/TD(kenney_tower-defense-top-down)/Tilesheet/towerDefense_tilesheet.png
  artifactKey: Guid(576e8467e5541b447b5adb33d656a3c3) Importer(815301076,1909f56bfc062723c751e8b465ee728b)
Start importing Assets/Assets/TD(kenney_tower-defense-top-down)/Tilesheet/towerDefense_tilesheet.png using Guid(576e8467e5541b447b5adb33d656a3c3) Importer(815301076,1909f56bfc062723c751e8b465ee728b)  -> (artifact id: '71d1025b4a0082c51d1d6c94330b0c04') in 0.405135 seconds 
========================================================================
Received Import Request.
  Time since last request: 0.000165 seconds.
  path: Assets/Assets/TD(kenney_tower-defense-top-down)/Tilesheet/towerDefense_tilesheet@2.png
  artifactKey: Guid(ab6012d18c419aa4f858a8430fd0596e) Importer(815301076,1909f56bfc062723c751e8b465ee728b)
Start importing Assets/Assets/TD(kenney_tower-defense-top-down)/Tilesheet/towerDefense_tilesheet@2.png using Guid(ab6012d18c419aa4f858a8430fd0596e) Importer(815301076,1909f56bfc062723c751e8b465ee728b)  -> (artifact id: '6d8826420ef1940973cd24bb79adac5f') in 0.058353 seconds 
========================================================================
Received Import Request.
  Time since last request: 1.609097 seconds.
  path: Assets/Assets/TD(kenney_tower-defense-top-down)/Tilesheet/Pallet
  artifactKey: Guid(dae53c95e3cc6bd498e163fd4bb29db5) Importer(815301076,1909f56bfc062723c751e8b465ee728b)
Start importing Assets/Assets/TD(kenney_tower-defense-top-down)/Tilesheet/Pallet using Guid(dae53c95e3cc6bd498e163fd4bb29db5) Importer(815301076,1909f56bfc062723c751e8b465ee728b)  -> (artifact id: '2f3ef8ce1948a5175967be9b3bc7b357') in 0.007876 seconds 
========================================================================
Received Import Request.
  Time since last request: 3.898142 seconds.
  path: Assets/Assets/TD(kenney_tower-defense-top-down)/Tilesheet/Pallet/BackRound1.prefab
  artifactKey: Guid(9ee09ac323b698745adf0ef3e0657875) Importer(815301076,1909f56bfc062723c751e8b465ee728b)
Start importing Assets/Assets/TD(kenney_tower-defense-top-down)/Tilesheet/Pallet/BackRound1.prefab using Guid(9ee09ac323b698745adf0ef3e0657875) Importer(815301076,1909f56bfc062723c751e8b465ee728b)  -> (artifact id: '73ad48ead06f83a3840754de4e4dfe6c') in 1.206731 seconds 
========================================================================
Received Import Request.
  Time since last request: 0.000206 seconds.
  path: Assets/Assets/TD(kenney_tower-defense-top-down)/Tilesheet/Pallet/Over.prefab
  artifactKey: Guid(ac986223c51010345ab59c005e846a1b) Importer(815301076,1909f56bfc062723c751e8b465ee728b)
Start importing Assets/Assets/TD(kenney_tower-defense-top-down)/Tilesheet/Pallet/Over.prefab using Guid(ac986223c51010345ab59c005e846a1b) Importer(815301076,1909f56bfc062723c751e8b465ee728b)  -> (artifact id: '3d94b7ae07ba5a3f3bdbc10c6adf5635') in 0.149981 seconds 
========================================================================
Received Import Request.
  Time since last request: 38.427284 seconds.
  path: Assets/Assets/TD(kenney_tower-defense-top-down)/Tilesheet/Pallet/Tiles/Over Layer.prefab
  artifactKey: Guid(3b1dec1ee3abd154f8382ec155098ca9) Importer(815301076,1909f56bfc062723c751e8b465ee728b)
Start importing Assets/Assets/TD(kenney_tower-defense-top-down)/Tilesheet/Pallet/Tiles/Over Layer.prefab using Guid(3b1dec1ee3abd154f8382ec155098ca9) Importer(815301076,1909f56bfc062723c751e8b465ee728b)  -> (artifact id: '2abb4daa881a7cdbbe1d7e9c8269fe10') in 0.013851 seconds 
========================================================================
Received Import Request.
  Time since last request: 0.000157 seconds.
  path: Assets/Assets/TD(kenney_tower-defense-top-down)/Tilesheet/Pallet/Tiles/towerDefense_tilesheet_30.asset
  artifactKey: Guid(62fad81b38a8d7f45af912e5ef43ad26) Importer(815301076,1909f56bfc062723c751e8b465ee728b)
Start importing Assets/Assets/TD(kenney_tower-defense-top-down)/Tilesheet/Pallet/Tiles/towerDefense_tilesheet_30.asset using Guid(62fad81b38a8d7f45af912e5ef43ad26) Importer(815301076,1909f56bfc062723c751e8b465ee728b)  -> (artifact id: '6a268a31c5e69e33a84dcb6b0b5cfa8d') in 0.020467 seconds 
========================================================================
Received Import Request.
  Time since last request: 0.000149 seconds.
  path: Assets/Assets/TD(kenney_tower-defense-top-down)/Tilesheet/Pallet/Tiles/towerDefense_tilesheet_27.asset
  artifactKey: Guid(2ddd3811f8740cd4a90c004ed2bb2d4e) Importer(815301076,1909f56bfc062723c751e8b465ee728b)
Start importing Assets/Assets/TD(kenney_tower-defense-top-down)/Tilesheet/Pallet/Tiles/towerDefense_tilesheet_27.asset using Guid(2ddd3811f8740cd4a90c004ed2bb2d4e) Importer(815301076,1909f56bfc062723c751e8b465ee728b)  -> (artifact id: '2217a40ab490cff7da24c09b7f5e3cff') in 0.014785 seconds 
========================================================================
Received Import Request.
  Time since last request: 0.000158 seconds.
  path: Assets/Assets/TD(kenney_tower-defense-top-down)/Tilesheet/Pallet/Tiles/towerDefense_tilesheet_13.asset
  artifactKey: Guid(f3ecb513719ca944191ff0d4f026d1e9) Importer(815301076,1909f56bfc062723c751e8b465ee728b)
Start importing Assets/Assets/TD(kenney_tower-defense-top-down)/Tilesheet/Pallet/Tiles/towerDefense_tilesheet_13.asset using Guid(f3ecb513719ca944191ff0d4f026d1e9) Importer(815301076,1909f56bfc062723c751e8b465ee728b)  -> (artifact id: '06bd6f8b02a2c4b11f819e8dbea17cd1') in 0.013151 seconds 
========================================================================
Received Import Request.
  Time since last request: 0.000158 seconds.
  path: Assets/Assets/TD(kenney_tower-defense-top-down)/Tilesheet/Pallet/Tiles/towerDefense_tilesheet_14.asset
  artifactKey: Guid(bc10daeb209a30c4b9eef90cb635dfe3) Importer(815301076,1909f56bfc062723c751e8b465ee728b)
Start importing Assets/Assets/TD(kenney_tower-defense-top-down)/Tilesheet/Pallet/Tiles/towerDefense_tilesheet_14.asset using Guid(bc10daeb209a30c4b9eef90cb635dfe3) Importer(815301076,1909f56bfc062723c751e8b465ee728b)  -> (artifact id: '00192f56d4148735f49e37c8b857dca2') in 0.012965 seconds 
========================================================================
Received Import Request.
  Time since last request: 0.000152 seconds.
  path: Assets/Assets/TD(kenney_tower-defense-top-down)/Tilesheet/Pallet/Tiles/towerDefense_tilesheet_32.asset
  artifactKey: Guid(7953ec895940f324fa3d69e24bb0838b) Importer(815301076,1909f56bfc062723c751e8b465ee728b)
Start importing Assets/Assets/TD(kenney_tower-defense-top-down)/Tilesheet/Pallet/Tiles/towerDefense_tilesheet_32.asset using Guid(7953ec895940f324fa3d69e24bb0838b) Importer(815301076,1909f56bfc062723c751e8b465ee728b)  -> (artifact id: 'd54f4379551b82c7a2f9cefc42b11532') in 0.014073 seconds 
========================================================================
Received Import Request.
  Time since last request: 0.000201 seconds.
  path: Assets/Assets/TD(kenney_tower-defense-top-down)/Tilesheet/Pallet/Tiles/towerDefense_tilesheet_7.asset
  artifactKey: Guid(0170bd1de93d7064e9971f8263423eae) Importer(815301076,1909f56bfc062723c751e8b465ee728b)
Start importing Assets/Assets/TD(kenney_tower-defense-top-down)/Tilesheet/Pallet/Tiles/towerDefense_tilesheet_7.asset using Guid(0170bd1de93d7064e9971f8263423eae) Importer(815301076,1909f56bfc062723c751e8b465ee728b)  -> (artifact id: 'aef4eb49bdb033783937d78cfea5429e') in 0.013760 seconds 
========================================================================
Received Import Request.
  Time since last request: 0.000129 seconds.
  path: Assets/Assets/TD(kenney_tower-defense-top-down)/Tilesheet/Pallet/Tiles/towerDefense_tilesheet_18.asset
  artifactKey: Guid(d56f49f2c28024f4ba0b0bbca777b2a6) Importer(815301076,1909f56bfc062723c751e8b465ee728b)
Start importing Assets/Assets/TD(kenney_tower-defense-top-down)/Tilesheet/Pallet/Tiles/towerDefense_tilesheet_18.asset using Guid(d56f49f2c28024f4ba0b0bbca777b2a6) Importer(815301076,1909f56bfc062723c751e8b465ee728b)  -> (artifact id: '1833f9af4e32aab815f287b338b24b70') in 0.013907 seconds 
========================================================================
Received Import Request.
  Time since last request: 0.000129 seconds.
  path: Assets/Assets/TD(kenney_tower-defense-top-down)/Tilesheet/Pallet/Tiles/towerDefense_tilesheet_28.asset
  artifactKey: Guid(7be46ac34c4aa7747a48b51cce5a0d67) Importer(815301076,1909f56bfc062723c751e8b465ee728b)
Start importing Assets/Assets/TD(kenney_tower-defense-top-down)/Tilesheet/Pallet/Tiles/towerDefense_tilesheet_28.asset using Guid(7be46ac34c4aa7747a48b51cce5a0d67) Importer(815301076,1909f56bfc062723c751e8b465ee728b)  -> (artifact id: '04e2df6cc01e2fb83570254608df62df') in 0.013635 seconds 
========================================================================
Received Import Request.
  Time since last request: 0.000140 seconds.
  path: Assets/Assets/TD(kenney_tower-defense-top-down)/Tilesheet/Pallet/Tiles/towerDefense_tilesheet_11.asset
  artifactKey: Guid(e152f13dc76b4ec40be9389b344407f8) Importer(815301076,1909f56bfc062723c751e8b465ee728b)
Start importing Assets/Assets/TD(kenney_tower-defense-top-down)/Tilesheet/Pallet/Tiles/towerDefense_tilesheet_11.asset using Guid(e152f13dc76b4ec40be9389b344407f8) Importer(815301076,1909f56bfc062723c751e8b465ee728b)  -> (artifact id: '78858ce748aead24f52b35a0b702399a') in 0.013782 seconds 
========================================================================
Received Import Request.
  Time since last request: 0.000123 seconds.
  path: Assets/Assets/TD(kenney_tower-defense-top-down)/Tilesheet/Pallet/Tiles/towerDefense_tilesheet_21.asset
  artifactKey: Guid(653b8142c9acbb7478f6bee19d930f0e) Importer(815301076,1909f56bfc062723c751e8b465ee728b)
Start importing Assets/Assets/TD(kenney_tower-defense-top-down)/Tilesheet/Pallet/Tiles/towerDefense_tilesheet_21.asset using Guid(653b8142c9acbb7478f6bee19d930f0e) Importer(815301076,1909f56bfc062723c751e8b465ee728b)  -> (artifact id: 'c36a34bbde14f239a11fd6553a35d8a2') in 0.014474 seconds 
========================================================================
Received Import Request.
  Time since last request: 0.000161 seconds.
  path: Assets/Assets/TD(kenney_tower-defense-top-down)/Tilesheet/Pallet/Tiles/towerDefense_tilesheet_2.asset
  artifactKey: Guid(fed3e6a0752a79546b0a174f7dc8bc8f) Importer(815301076,1909f56bfc062723c751e8b465ee728b)
Start importing Assets/Assets/TD(kenney_tower-defense-top-down)/Tilesheet/Pallet/Tiles/towerDefense_tilesheet_2.asset using Guid(fed3e6a0752a79546b0a174f7dc8bc8f) Importer(815301076,1909f56bfc062723c751e8b465ee728b)  -> (artifact id: 'ee255e7cd74888652d3390259608e67b') in 0.014387 seconds 
========================================================================
Received Import Request.
  Time since last request: 0.000150 seconds.
  path: Assets/Assets/TD(kenney_tower-defense-top-down)/Tilesheet/Pallet/Tiles/towerDefense_tilesheet_23.asset
  artifactKey: Guid(f4d3bbe3e4720934894fe631b3285a8b) Importer(815301076,1909f56bfc062723c751e8b465ee728b)
Start importing Assets/Assets/TD(kenney_tower-defense-top-down)/Tilesheet/Pallet/Tiles/towerDefense_tilesheet_23.asset using Guid(f4d3bbe3e4720934894fe631b3285a8b) Importer(815301076,1909f56bfc062723c751e8b465ee728b)  -> (artifact id: '901409b6e46196c8d7d9c8088782a2c7') in 0.013159 seconds 
========================================================================
Received Import Request.
  Time since last request: 0.000204 seconds.
  path: Assets/Assets/TD(kenney_tower-defense-top-down)/Tilesheet/Pallet/Tiles/towerDefense_tilesheet_31.asset
  artifactKey: Guid(f287b5d51151fd94f93ab26f9a4c141d) Importer(815301076,1909f56bfc062723c751e8b465ee728b)
Start importing Assets/Assets/TD(kenney_tower-defense-top-down)/Tilesheet/Pallet/Tiles/towerDefense_tilesheet_31.asset using Guid(f287b5d51151fd94f93ab26f9a4c141d) Importer(815301076,1909f56bfc062723c751e8b465ee728b)  -> (artifact id: 'f48bd9de5d72a6891322ee0ac05e3085') in 0.015010 seconds 
========================================================================
Received Import Request.
  Time since last request: 0.000123 seconds.
  path: Assets/Assets/TD(kenney_tower-defense-top-down)/Tilesheet/Pallet/Tiles/towerDefense_tilesheet_1.asset
  artifactKey: Guid(6a0eafedf3e2f774d8ca1073ce25b71d) Importer(815301076,1909f56bfc062723c751e8b465ee728b)
Start importing Assets/Assets/TD(kenney_tower-defense-top-down)/Tilesheet/Pallet/Tiles/towerDefense_tilesheet_1.asset using Guid(6a0eafedf3e2f774d8ca1073ce25b71d) Importer(815301076,1909f56bfc062723c751e8b465ee728b)  -> (artifact id: '4791a31d3d014fe0d876b6b1241f890e') in 0.012821 seconds 
========================================================================
Received Import Request.
  Time since last request: 0.000150 seconds.
  path: Assets/Assets/TD(kenney_tower-defense-top-down)/Tilesheet/Pallet/Tiles/towerDefense_tilesheet_9.asset
  artifactKey: Guid(b6046624362e239459c2e3eb1691d9c0) Importer(815301076,1909f56bfc062723c751e8b465ee728b)
Start importing Assets/Assets/TD(kenney_tower-defense-top-down)/Tilesheet/Pallet/Tiles/towerDefense_tilesheet_9.asset using Guid(b6046624362e239459c2e3eb1691d9c0) Importer(815301076,1909f56bfc062723c751e8b465ee728b)  -> (artifact id: 'acd177a6e9e1318fc546ae4416473aeb') in 0.012828 seconds 
========================================================================
Received Import Request.
  Time since last request: 0.000127 seconds.
  path: Assets/Assets/TD(kenney_tower-defense-top-down)/Tilesheet/Pallet/Tiles/towerDefense_tilesheet_17.asset
  artifactKey: Guid(1c9a659cb9de9a94a9b7e666b04d88f9) Importer(815301076,1909f56bfc062723c751e8b465ee728b)
Start importing Assets/Assets/TD(kenney_tower-defense-top-down)/Tilesheet/Pallet/Tiles/towerDefense_tilesheet_17.asset using Guid(1c9a659cb9de9a94a9b7e666b04d88f9) Importer(815301076,1909f56bfc062723c751e8b465ee728b)  -> (artifact id: 'e2268363f49f51f39aa218542c20f4a7') in 0.012319 seconds 
========================================================================
Received Import Request.
  Time since last request: 0.000228 seconds.
  path: Assets/Assets/TD(kenney_tower-defense-top-down)/Tilesheet/Pallet/Tiles/towerDefense_tilesheet_8.asset
  artifactKey: Guid(b12f5159998300c45b78c068ade0dfb3) Importer(815301076,1909f56bfc062723c751e8b465ee728b)
Start importing Assets/Assets/TD(kenney_tower-defense-top-down)/Tilesheet/Pallet/Tiles/towerDefense_tilesheet_8.asset using Guid(b12f5159998300c45b78c068ade0dfb3) Importer(815301076,1909f56bfc062723c751e8b465ee728b)  -> (artifact id: '9a98344395997dd06469c10d4ad69904') in 0.012931 seconds 
========================================================================
Received Import Request.
  Time since last request: 0.000138 seconds.
  path: Assets/Assets/TD(kenney_tower-defense-top-down)/Tilesheet/Pallet/Tiles/towerDefense_tilesheet_0.asset
  artifactKey: Guid(db13cd38990ae0e41a811b6b557c13b6) Importer(815301076,1909f56bfc062723c751e8b465ee728b)
Start importing Assets/Assets/TD(kenney_tower-defense-top-down)/Tilesheet/Pallet/Tiles/towerDefense_tilesheet_0.asset using Guid(db13cd38990ae0e41a811b6b557c13b6) Importer(815301076,1909f56bfc062723c751e8b465ee728b)  -> (artifact id: 'ea98e523ba196730e9b10d7507b0ec56') in 0.012356 seconds 
========================================================================
Received Import Request.
  Time since last request: 0.000152 seconds.
  path: Assets/Assets/TD(kenney_tower-defense-top-down)/Tilesheet/Pallet/Tiles/towerDefense_tilesheet_10.asset
  artifactKey: Guid(e2f868fa9a20f85488699fe6ea795401) Importer(815301076,1909f56bfc062723c751e8b465ee728b)
Start importing Assets/Assets/TD(kenney_tower-defense-top-down)/Tilesheet/Pallet/Tiles/towerDefense_tilesheet_10.asset using Guid(e2f868fa9a20f85488699fe6ea795401) Importer(815301076,1909f56bfc062723c751e8b465ee728b)  -> (artifact id: '431f1f870489e856ae96220376dc6213') in 0.014304 seconds 
========================================================================
Received Import Request.
  Time since last request: 0.000123 seconds.
  path: Assets/Assets/TD(kenney_tower-defense-top-down)/Tilesheet/Pallet/Tiles/towerDefense_tilesheet_19.asset
  artifactKey: Guid(8891428d958f74c48926761ebe4c5c44) Importer(815301076,1909f56bfc062723c751e8b465ee728b)
Start importing Assets/Assets/TD(kenney_tower-defense-top-down)/Tilesheet/Pallet/Tiles/towerDefense_tilesheet_19.asset using Guid(8891428d958f74c48926761ebe4c5c44) Importer(815301076,1909f56bfc062723c751e8b465ee728b)  -> (artifact id: 'd758efe9ef2f2c4e35ff417039989b0b') in 0.014600 seconds 
========================================================================
Received Import Request.
  Time since last request: 0.000148 seconds.
  path: Assets/Assets/TD(kenney_tower-defense-top-down)/Tilesheet/Pallet/Tiles/towerDefense_tilesheet_25.asset
  artifactKey: Guid(f9cdfd9d9e6702141bda0b18abdeff82) Importer(815301076,1909f56bfc062723c751e8b465ee728b)
Start importing Assets/Assets/TD(kenney_tower-defense-top-down)/Tilesheet/Pallet/Tiles/towerDefense_tilesheet_25.asset using Guid(f9cdfd9d9e6702141bda0b18abdeff82) Importer(815301076,1909f56bfc062723c751e8b465ee728b)  -> (artifact id: 'cbd6917fb2db6d3ff2ccffa6ad9b4567') in 0.013349 seconds 
========================================================================
Received Import Request.
  Time since last request: 0.000133 seconds.
  path: Assets/Assets/TD(kenney_tower-defense-top-down)/Tilesheet/Pallet/Tiles/towerDefense_tilesheet_33.asset
  artifactKey: Guid(f89f93bd435baa24db50e019c8ecbdaf) Importer(815301076,1909f56bfc062723c751e8b465ee728b)
Start importing Assets/Assets/TD(kenney_tower-defense-top-down)/Tilesheet/Pallet/Tiles/towerDefense_tilesheet_33.asset using Guid(f89f93bd435baa24db50e019c8ecbdaf) Importer(815301076,1909f56bfc062723c751e8b465ee728b)  -> (artifact id: '01b99499d2a71c36c17765c872916942') in 0.012802 seconds 
========================================================================
Received Import Request.
  Time since last request: 0.000149 seconds.
  path: Assets/Assets/TD(kenney_tower-defense-top-down)/Tilesheet/Pallet/Tiles/towerDefense_tilesheet_16.asset
  artifactKey: Guid(0ca91759e26b4884a99fe3cef9a8bc62) Importer(815301076,1909f56bfc062723c751e8b465ee728b)
Start importing Assets/Assets/TD(kenney_tower-defense-top-down)/Tilesheet/Pallet/Tiles/towerDefense_tilesheet_16.asset using Guid(0ca91759e26b4884a99fe3cef9a8bc62) Importer(815301076,1909f56bfc062723c751e8b465ee728b)  -> (artifact id: 'b867b2b8feda8eeb4d8c6d5849aef334') in 0.012861 seconds 
========================================================================
Received Import Request.
  Time since last request: 0.000134 seconds.
  path: Assets/Assets/TD(kenney_tower-defense-top-down)/Tilesheet/Pallet/Tiles/towerDefense_tilesheet_29.asset
  artifactKey: Guid(d223b9ae042d85a42878d649790ade48) Importer(815301076,1909f56bfc062723c751e8b465ee728b)
Start importing Assets/Assets/TD(kenney_tower-defense-top-down)/Tilesheet/Pallet/Tiles/towerDefense_tilesheet_29.asset using Guid(d223b9ae042d85a42878d649790ade48) Importer(815301076,1909f56bfc062723c751e8b465ee728b)  -> (artifact id: '4a5bba82cfa72859504442f98f79f138') in 0.012944 seconds 
========================================================================
Received Import Request.
  Time since last request: 0.000127 seconds.
  path: Assets/Assets/TD(kenney_tower-defense-top-down)/Tilesheet/Pallet/Tiles/towerDefense_tilesheet_22.asset
  artifactKey: Guid(cfeec1ee3fa6462459306a28273d844a) Importer(815301076,1909f56bfc062723c751e8b465ee728b)
Start importing Assets/Assets/TD(kenney_tower-defense-top-down)/Tilesheet/Pallet/Tiles/towerDefense_tilesheet_22.asset using Guid(cfeec1ee3fa6462459306a28273d844a) Importer(815301076,1909f56bfc062723c751e8b465ee728b)  -> (artifact id: '56da8abc8957604e7ee1dd56ef26e5f1') in 0.013015 seconds 
========================================================================
Received Import Request.
  Time since last request: 0.000208 seconds.
  path: Assets/Assets/TD(kenney_tower-defense-top-down)/Tilesheet/Pallet/Tiles/towerDefense_tilesheet_4.asset
  artifactKey: Guid(c0ff95f9991bba24caba3b0bae0a4cca) Importer(815301076,1909f56bfc062723c751e8b465ee728b)
Start importing Assets/Assets/TD(kenney_tower-defense-top-down)/Tilesheet/Pallet/Tiles/towerDefense_tilesheet_4.asset using Guid(c0ff95f9991bba24caba3b0bae0a4cca) Importer(815301076,1909f56bfc062723c751e8b465ee728b)  -> (artifact id: '83042751e8195159bd7fd4342a22ff52') in 0.012705 seconds 
========================================================================
Received Import Request.
  Time since last request: 0.000181 seconds.
  path: Assets/Assets/TD(kenney_tower-defense-top-down)/Tilesheet/Pallet/Tiles/towerDefense_tilesheet_12.asset
  artifactKey: Guid(638f1a7f1c6789e40a84df2adc0ff356) Importer(815301076,1909f56bfc062723c751e8b465ee728b)
Start importing Assets/Assets/TD(kenney_tower-defense-top-down)/Tilesheet/Pallet/Tiles/towerDefense_tilesheet_12.asset using Guid(638f1a7f1c6789e40a84df2adc0ff356) Importer(815301076,1909f56bfc062723c751e8b465ee728b)  -> (artifact id: 'd56dc50933aa8af237745b011248a1bf') in 0.013312 seconds 
========================================================================
Received Import Request.
  Time since last request: 0.000158 seconds.
  path: Assets/Assets/TD(kenney_tower-defense-top-down)/Tilesheet/Pallet/Tiles/towerDefense_tilesheet_34.asset
  artifactKey: Guid(214cf97133df6ce4f917a80bdd8db69d) Importer(815301076,1909f56bfc062723c751e8b465ee728b)
Start importing Assets/Assets/TD(kenney_tower-defense-top-down)/Tilesheet/Pallet/Tiles/towerDefense_tilesheet_34.asset using Guid(214cf97133df6ce4f917a80bdd8db69d) Importer(815301076,1909f56bfc062723c751e8b465ee728b)  -> (artifact id: '17f905637da935737b73e6ea5a3d7f30') in 0.013600 seconds 
========================================================================
Received Import Request.
  Time since last request: 0.000158 seconds.
  path: Assets/Assets/TD(kenney_tower-defense-top-down)/Tilesheet/Pallet/Tiles/towerDefense_tilesheet_6.asset
  artifactKey: Guid(60e15e9f2faf1e141a4cf6d0d686a3f6) Importer(815301076,1909f56bfc062723c751e8b465ee728b)
Start importing Assets/Assets/TD(kenney_tower-defense-top-down)/Tilesheet/Pallet/Tiles/towerDefense_tilesheet_6.asset using Guid(60e15e9f2faf1e141a4cf6d0d686a3f6) Importer(815301076,1909f56bfc062723c751e8b465ee728b)  -> (artifact id: '56a7a0ba2c1ed19536cdc4e92be4cc84') in 0.014215 seconds 
========================================================================
Received Import Request.
  Time since last request: 0.000139 seconds.
  path: Assets/Assets/TD(kenney_tower-defense-top-down)/Tilesheet/Pallet/Tiles/towerDefense_tilesheet_20.asset
  artifactKey: Guid(d4fac734c6d9f9643ac8046dba87c759) Importer(815301076,1909f56bfc062723c751e8b465ee728b)
Start importing Assets/Assets/TD(kenney_tower-defense-top-down)/Tilesheet/Pallet/Tiles/towerDefense_tilesheet_20.asset using Guid(d4fac734c6d9f9643ac8046dba87c759) Importer(815301076,1909f56bfc062723c751e8b465ee728b)  -> (artifact id: '146b69f1f231fa07ecfcd2b2a552d27a') in 0.012645 seconds 
========================================================================
Received Import Request.
  Time since last request: 0.000184 seconds.
  path: Assets/Assets/TD(kenney_tower-defense-top-down)/Tilesheet/Pallet/Tiles/towerDefense_tilesheet_26.asset
  artifactKey: Guid(8fdfe9fd480f13148a9d7d05222b9360) Importer(815301076,1909f56bfc062723c751e8b465ee728b)
Start importing Assets/Assets/TD(kenney_tower-defense-top-down)/Tilesheet/Pallet/Tiles/towerDefense_tilesheet_26.asset using Guid(8fdfe9fd480f13148a9d7d05222b9360) Importer(815301076,1909f56bfc062723c751e8b465ee728b)  -> (artifact id: 'e12f86706718e9e9f0454879c9988c7c') in 0.012660 seconds 
========================================================================
Received Import Request.
  Time since last request: 0.000139 seconds.
  path: Assets/Assets/TD(kenney_tower-defense-top-down)/Tilesheet/Pallet/Tiles/towerDefense_tilesheet_35.asset
  artifactKey: Guid(da1c02da2aead0e47adaa1e17b52a6b2) Importer(815301076,1909f56bfc062723c751e8b465ee728b)
Start importing Assets/Assets/TD(kenney_tower-defense-top-down)/Tilesheet/Pallet/Tiles/towerDefense_tilesheet_35.asset using Guid(da1c02da2aead0e47adaa1e17b52a6b2) Importer(815301076,1909f56bfc062723c751e8b465ee728b)  -> (artifact id: '354f90aa6388323d754de537f262da56') in 0.013910 seconds 
========================================================================
Received Import Request.
  Time since last request: 0.000143 seconds.
  path: Assets/Assets/TD(kenney_tower-defense-top-down)/Tilesheet/Pallet/Tiles/towerDefense_tilesheet_15.asset
  artifactKey: Guid(7aa70dde4abb777409ca1686f67082bf) Importer(815301076,1909f56bfc062723c751e8b465ee728b)
Start importing Assets/Assets/TD(kenney_tower-defense-top-down)/Tilesheet/Pallet/Tiles/towerDefense_tilesheet_15.asset using Guid(7aa70dde4abb777409ca1686f67082bf) Importer(815301076,1909f56bfc062723c751e8b465ee728b)  -> (artifact id: '23c67bf4769854a767e8299ff586a64c') in 0.013581 seconds 
========================================================================
Received Import Request.
  Time since last request: 0.000145 seconds.
  path: Assets/Assets/TD(kenney_tower-defense-top-down)/Tilesheet/Pallet/Tiles/towerDefense_tilesheet_24.asset
  artifactKey: Guid(9169facdf71147e4ba4de7652ae5bc89) Importer(815301076,1909f56bfc062723c751e8b465ee728b)
Start importing Assets/Assets/TD(kenney_tower-defense-top-down)/Tilesheet/Pallet/Tiles/towerDefense_tilesheet_24.asset using Guid(9169facdf71147e4ba4de7652ae5bc89) Importer(815301076,1909f56bfc062723c751e8b465ee728b)  -> (artifact id: '33e636c599695c14fe74fbaa1a3b5bdb') in 0.013374 seconds 
========================================================================
Received Import Request.
  Time since last request: 0.000140 seconds.
  path: Assets/Assets/TD(kenney_tower-defense-top-down)/Tilesheet/Pallet/Tiles/towerDefense_tilesheet_5.asset
  artifactKey: Guid(6e8bf2797d0511442a8ae4c4e13c3815) Importer(815301076,1909f56bfc062723c751e8b465ee728b)
Start importing Assets/Assets/TD(kenney_tower-defense-top-down)/Tilesheet/Pallet/Tiles/towerDefense_tilesheet_5.asset using Guid(6e8bf2797d0511442a8ae4c4e13c3815) Importer(815301076,1909f56bfc062723c751e8b465ee728b)  -> (artifact id: 'fdd82a749003e91e6248b920615ce7e8') in 0.012952 seconds 
========================================================================
Received Import Request.
  Time since last request: 0.000134 seconds.
  path: Assets/Assets/TD(kenney_tower-defense-top-down)/Tilesheet/Pallet/Tiles/towerDefense_tilesheet_3.asset
  artifactKey: Guid(6f3f2ae99b1b53747b173fb0e175f523) Importer(815301076,1909f56bfc062723c751e8b465ee728b)
Start importing Assets/Assets/TD(kenney_tower-defense-top-down)/Tilesheet/Pallet/Tiles/towerDefense_tilesheet_3.asset using Guid(6f3f2ae99b1b53747b173fb0e175f523) Importer(815301076,1909f56bfc062723c751e8b465ee728b)  -> (artifact id: '602783cecbc97ecbae37a77bab64e5bd') in 0.013296 seconds 
========================================================================
Received Import Request.
  Time since last request: 0.094304 seconds.
  path: Assets/Assets/TD(kenney_tower-defense-top-down)/Tilesheet/Pallet/Tiles/towerDefense_tilesheet_36.asset
  artifactKey: Guid(055443b860a121c4d8adae4e7f182226) Importer(815301076,1909f56bfc062723c751e8b465ee728b)
Start importing Assets/Assets/TD(kenney_tower-defense-top-down)/Tilesheet/Pallet/Tiles/towerDefense_tilesheet_36.asset using Guid(055443b860a121c4d8adae4e7f182226) Importer(815301076,1909f56bfc062723c751e8b465ee728b)  -> (artifact id: '9713989d950f999bf7cde5de587dc75f') in 0.016356 seconds 
========================================================================
Received Import Request.
  Time since last request: 0.000333 seconds.
  path: Assets/Assets/TD(kenney_tower-defense-top-down)/Tilesheet/Pallet/Tiles/towerDefense_tilesheet_54.asset
  artifactKey: Guid(39ce9c66fc5aabf4485d8e64c147c9ce) Importer(815301076,1909f56bfc062723c751e8b465ee728b)
Start importing Assets/Assets/TD(kenney_tower-defense-top-down)/Tilesheet/Pallet/Tiles/towerDefense_tilesheet_54.asset using Guid(39ce9c66fc5aabf4485d8e64c147c9ce) Importer(815301076,1909f56bfc062723c751e8b465ee728b)  -> (artifact id: '9e061a993657e42d2cf6b5c683e0fad7') in 0.018218 seconds 
========================================================================
Received Import Request.
  Time since last request: 0.000160 seconds.
  path: Assets/Assets/TD(kenney_tower-defense-top-down)/Tilesheet/Pallet/Tiles/towerDefense_tilesheet_71.asset
  artifactKey: Guid(d9cc10288f9c35d4e84dbb3fecbd7662) Importer(815301076,1909f56bfc062723c751e8b465ee728b)
Start importing Assets/Assets/TD(kenney_tower-defense-top-down)/Tilesheet/Pallet/Tiles/towerDefense_tilesheet_71.asset using Guid(d9cc10288f9c35d4e84dbb3fecbd7662) Importer(815301076,1909f56bfc062723c751e8b465ee728b)  -> (artifact id: 'ce0f288e868fd2e83a6d1862aa452070') in 0.013739 seconds 
========================================================================
Received Import Request.
  Time since last request: 0.000169 seconds.
  path: Assets/Assets/TD(kenney_tower-defense-top-down)/Tilesheet/Pallet/Tiles/towerDefense_tilesheet_47.asset
  artifactKey: Guid(c4717165ed30c54498c1a087995c507d) Importer(815301076,1909f56bfc062723c751e8b465ee728b)
Start importing Assets/Assets/TD(kenney_tower-defense-top-down)/Tilesheet/Pallet/Tiles/towerDefense_tilesheet_47.asset using Guid(c4717165ed30c54498c1a087995c507d) Importer(815301076,1909f56bfc062723c751e8b465ee728b)  -> (artifact id: 'fdc79876bc9cd07544c43c451c8028d4') in 0.014124 seconds 
========================================================================
Received Import Request.
  Time since last request: 0.000199 seconds.
  path: Assets/Assets/TD(kenney_tower-defense-top-down)/Tilesheet/Pallet/Tiles/towerDefense_tilesheet_55.asset
  artifactKey: Guid(b894f87dc6428d548986527c1c6d8cf1) Importer(815301076,1909f56bfc062723c751e8b465ee728b)
Start importing Assets/Assets/TD(kenney_tower-defense-top-down)/Tilesheet/Pallet/Tiles/towerDefense_tilesheet_55.asset using Guid(b894f87dc6428d548986527c1c6d8cf1) Importer(815301076,1909f56bfc062723c751e8b465ee728b)  -> (artifact id: 'ecb981aaf19a74eae9249050af554650') in 0.013892 seconds 
========================================================================
Received Import Request.
  Time since last request: 0.000149 seconds.
  path: Assets/Assets/TD(kenney_tower-defense-top-down)/Tilesheet/Pallet/Tiles/towerDefense_tilesheet_61.asset
  artifactKey: Guid(5d0a0e1d72e9f2a4881620167884d7a4) Importer(815301076,1909f56bfc062723c751e8b465ee728b)
Start importing Assets/Assets/TD(kenney_tower-defense-top-down)/Tilesheet/Pallet/Tiles/towerDefense_tilesheet_61.asset using Guid(5d0a0e1d72e9f2a4881620167884d7a4) Importer(815301076,1909f56bfc062723c751e8b465ee728b)  -> (artifact id: '32a04dea24691d450949cd0a776a0c9e') in 0.014814 seconds 
========================================================================
Received Import Request.
  Time since last request: 0.000145 seconds.
  path: Assets/Assets/TD(kenney_tower-defense-top-down)/Tilesheet/Pallet/Tiles/towerDefense_tilesheet_63.asset
  artifactKey: Guid(8c6c20dd983fb6e46ae5ca62ee0ff454) Importer(815301076,1909f56bfc062723c751e8b465ee728b)
Start importing Assets/Assets/TD(kenney_tower-defense-top-down)/Tilesheet/Pallet/Tiles/towerDefense_tilesheet_63.asset using Guid(8c6c20dd983fb6e46ae5ca62ee0ff454) Importer(815301076,1909f56bfc062723c751e8b465ee728b)  -> (artifact id: 'dfecbd4fc57fe86d4b3becc8902516b5') in 0.013714 seconds 
========================================================================
Received Import Request.
  Time since last request: 0.000143 seconds.
  path: Assets/Assets/TD(kenney_tower-defense-top-down)/Tilesheet/Pallet/Tiles/towerDefense_tilesheet_53.asset
  artifactKey: Guid(9ed1cc19b9795ab47a420849dd152efd) Importer(815301076,1909f56bfc062723c751e8b465ee728b)
Start importing Assets/Assets/TD(kenney_tower-defense-top-down)/Tilesheet/Pallet/Tiles/towerDefense_tilesheet_53.asset using Guid(9ed1cc19b9795ab47a420849dd152efd) Importer(815301076,1909f56bfc062723c751e8b465ee728b)  -> (artifact id: 'bdba78fd48b96651e6e19bd7d70ea636') in 0.013218 seconds 
========================================================================
Received Import Request.
  Time since last request: 0.000149 seconds.
  path: Assets/Assets/TD(kenney_tower-defense-top-down)/Tilesheet/Pallet/Tiles/towerDefense_tilesheet_69.asset
  artifactKey: Guid(543ee21de90e1064f846f61ac195b239) Importer(815301076,1909f56bfc062723c751e8b465ee728b)
Start importing Assets/Assets/TD(kenney_tower-defense-top-down)/Tilesheet/Pallet/Tiles/towerDefense_tilesheet_69.asset using Guid(543ee21de90e1064f846f61ac195b239) Importer(815301076,1909f56bfc062723c751e8b465ee728b)  -> (artifact id: '7711477ffe349c236648c508bd7e24f7') in 0.013216 seconds 
========================================================================
Received Import Request.
  Time since last request: 0.000118 seconds.
  path: Assets/Assets/TD(kenney_tower-defense-top-down)/Tilesheet/Pallet/Tiles/towerDefense_tilesheet_43.asset
  artifactKey: Guid(178d4eb0f2e75274f9d115856cf1a778) Importer(815301076,1909f56bfc062723c751e8b465ee728b)
Start importing Assets/Assets/TD(kenney_tower-defense-top-down)/Tilesheet/Pallet/Tiles/towerDefense_tilesheet_43.asset using Guid(178d4eb0f2e75274f9d115856cf1a778) Importer(815301076,1909f56bfc062723c751e8b465ee728b)  -> (artifact id: 'c56e3fbbaba3f29d7dcf59b97c50568f') in 0.013212 seconds 
========================================================================
Received Import Request.
  Time since last request: 0.000137 seconds.
  path: Assets/Assets/TD(kenney_tower-defense-top-down)/Tilesheet/Pallet/Tiles/towerDefense_tilesheet_51.asset
  artifactKey: Guid(75538597cd2f2f04cb56ce1881965ed5) Importer(815301076,1909f56bfc062723c751e8b465ee728b)
Start importing Assets/Assets/TD(kenney_tower-defense-top-down)/Tilesheet/Pallet/Tiles/towerDefense_tilesheet_51.asset using Guid(75538597cd2f2f04cb56ce1881965ed5) Importer(815301076,1909f56bfc062723c751e8b465ee728b)  -> (artifact id: '525f43f57c1e9b832c9e053db37ca2f0') in 0.012131 seconds 
========================================================================
Received Import Request.
  Time since last request: 0.000140 seconds.
  path: Assets/Assets/TD(kenney_tower-defense-top-down)/Tilesheet/Pallet/Tiles/towerDefense_tilesheet_57.asset
  artifactKey: Guid(887657fb35da60c4b8bcef28c135338c) Importer(815301076,1909f56bfc062723c751e8b465ee728b)
Start importing Assets/Assets/TD(kenney_tower-defense-top-down)/Tilesheet/Pallet/Tiles/towerDefense_tilesheet_57.asset using Guid(887657fb35da60c4b8bcef28c135338c) Importer(815301076,1909f56bfc062723c751e8b465ee728b)  -> (artifact id: 'f01f72c61b8dc8c05180048c6e42b5c1') in 0.013212 seconds 
========================================================================
Received Import Request.
  Time since last request: 0.000130 seconds.
  path: Assets/Assets/TD(kenney_tower-defense-top-down)/Tilesheet/Pallet/Tiles/towerDefense_tilesheet_46.asset
  artifactKey: Guid(d2b7a7bb7b49dff43b7284fd678c5768) Importer(815301076,1909f56bfc062723c751e8b465ee728b)
Start importing Assets/Assets/TD(kenney_tower-defense-top-down)/Tilesheet/Pallet/Tiles/towerDefense_tilesheet_46.asset using Guid(d2b7a7bb7b49dff43b7284fd678c5768) Importer(815301076,1909f56bfc062723c751e8b465ee728b)  -> (artifact id: '4b6cedceebf389ab77d261d30945ab0e') in 0.012341 seconds 
========================================================================
Received Import Request.
  Time since last request: 0.000126 seconds.
  path: Assets/Assets/TD(kenney_tower-defense-top-down)/Tilesheet/Pallet/Tiles/towerDefense_tilesheet_40.asset
  artifactKey: Guid(48a412f018d591e48a89a5441bca5927) Importer(815301076,1909f56bfc062723c751e8b465ee728b)
Start importing Assets/Assets/TD(kenney_tower-defense-top-down)/Tilesheet/Pallet/Tiles/towerDefense_tilesheet_40.asset using Guid(48a412f018d591e48a89a5441bca5927) Importer(815301076,1909f56bfc062723c751e8b465ee728b)  -> (artifact id: '551b30e3021d9d0cb7f9e7d011d7c524') in 0.013058 seconds 
========================================================================
Received Import Request.
  Time since last request: 0.000143 seconds.
  path: Assets/Assets/TD(kenney_tower-defense-top-down)/Tilesheet/Pallet/Tiles/towerDefense_tilesheet_39.asset
  artifactKey: Guid(0a8eff25bf9122c41b9324a0581cb520) Importer(815301076,1909f56bfc062723c751e8b465ee728b)
Start importing Assets/Assets/TD(kenney_tower-defense-top-down)/Tilesheet/Pallet/Tiles/towerDefense_tilesheet_39.asset using Guid(0a8eff25bf9122c41b9324a0581cb520) Importer(815301076,1909f56bfc062723c751e8b465ee728b)  -> (artifact id: '53c31fcf892e1d53c0d23a81fc13beaf') in 0.012480 seconds 
========================================================================
Received Import Request.
  Time since last request: 0.000151 seconds.
  path: Assets/Assets/TD(kenney_tower-defense-top-down)/Tilesheet/Pallet/Tiles/towerDefense_tilesheet_45.asset
  artifactKey: Guid(ca34607acb39ece4d86c97a64fff274a) Importer(815301076,1909f56bfc062723c751e8b465ee728b)
Start importing Assets/Assets/TD(kenney_tower-defense-top-down)/Tilesheet/Pallet/Tiles/towerDefense_tilesheet_45.asset using Guid(ca34607acb39ece4d86c97a64fff274a) Importer(815301076,1909f56bfc062723c751e8b465ee728b)  -> (artifact id: '111b4ab6cefa455ab5aec9351e7053ab') in 0.012358 seconds 
========================================================================
Received Import Request.
  Time since last request: 0.000133 seconds.
  path: Assets/Assets/TD(kenney_tower-defense-top-down)/Tilesheet/Pallet/Tiles/towerDefense_tilesheet_49.asset
  artifactKey: Guid(4f988df0266154b4f8eec6b273f0988b) Importer(815301076,1909f56bfc062723c751e8b465ee728b)
Start importing Assets/Assets/TD(kenney_tower-defense-top-down)/Tilesheet/Pallet/Tiles/towerDefense_tilesheet_49.asset using Guid(4f988df0266154b4f8eec6b273f0988b) Importer(815301076,1909f56bfc062723c751e8b465ee728b)  -> (artifact id: 'cc82b14e415983034b122b0595da707b') in 0.013174 seconds 
========================================================================
Received Import Request.
  Time since last request: 0.000131 seconds.
  path: Assets/Assets/TD(kenney_tower-defense-top-down)/Tilesheet/Pallet/Tiles/towerDefense_tilesheet_59.asset
  artifactKey: Guid(468935fdd11ab45438bcfc4091adda5d) Importer(815301076,1909f56bfc062723c751e8b465ee728b)
Start importing Assets/Assets/TD(kenney_tower-defense-top-down)/Tilesheet/Pallet/Tiles/towerDefense_tilesheet_59.asset using Guid(468935fdd11ab45438bcfc4091adda5d) Importer(815301076,1909f56bfc062723c751e8b465ee728b)  -> (artifact id: 'd96fe4c54b021bc11cc28d7739acfade') in 0.012502 seconds 
========================================================================
Received Import Request.
  Time since last request: 0.000176 seconds.
  path: Assets/Assets/TD(kenney_tower-defense-top-down)/Tilesheet/Pallet/Tiles/towerDefense_tilesheet_79.asset
  artifactKey: Guid(a0a95a1eda214e94c992544e0883d147) Importer(815301076,1909f56bfc062723c751e8b465ee728b)
Start importing Assets/Assets/TD(kenney_tower-defense-top-down)/Tilesheet/Pallet/Tiles/towerDefense_tilesheet_79.asset using Guid(a0a95a1eda214e94c992544e0883d147) Importer(815301076,1909f56bfc062723c751e8b465ee728b)  -> (artifact id: '0fb307d57c4767a62847aa8c72ff0f25') in 0.011842 seconds 
========================================================================
Received Import Request.
  Time since last request: 0.000151 seconds.
  path: Assets/Assets/TD(kenney_tower-defense-top-down)/Tilesheet/Pallet/Tiles/towerDefense_tilesheet_77.asset
  artifactKey: Guid(0de249bf77d320e4d88bf53244db45d1) Importer(815301076,1909f56bfc062723c751e8b465ee728b)
Start importing Assets/Assets/TD(kenney_tower-defense-top-down)/Tilesheet/Pallet/Tiles/towerDefense_tilesheet_77.asset using Guid(0de249bf77d320e4d88bf53244db45d1) Importer(815301076,1909f56bfc062723c751e8b465ee728b)  -> (artifact id: 'efab46f04e15a4a1f0aea97907103289') in 0.013398 seconds 
========================================================================
Received Import Request.
  Time since last request: 0.000126 seconds.
  path: Assets/Assets/TD(kenney_tower-defense-top-down)/Tilesheet/Pallet/Tiles/towerDefense_tilesheet_82.asset
  artifactKey: Guid(7dbfea236dd95904dbd76ef1119b6240) Importer(815301076,1909f56bfc062723c751e8b465ee728b)
Start importing Assets/Assets/TD(kenney_tower-defense-top-down)/Tilesheet/Pallet/Tiles/towerDefense_tilesheet_82.asset using Guid(7dbfea236dd95904dbd76ef1119b6240) Importer(815301076,1909f56bfc062723c751e8b465ee728b)  -> (artifact id: '8860b435647345751c5f5da6a7c0f633') in 0.012566 seconds 
========================================================================
Received Import Request.
  Time since last request: 0.000151 seconds.
  path: Assets/Assets/TD(kenney_tower-defense-top-down)/Tilesheet/Pallet/Tiles/towerDefense_tilesheet_83.asset
  artifactKey: Guid(9914319a3413c9c4fa0b8d7e798bf989) Importer(815301076,1909f56bfc062723c751e8b465ee728b)
Start importing Assets/Assets/TD(kenney_tower-defense-top-down)/Tilesheet/Pallet/Tiles/towerDefense_tilesheet_83.asset using Guid(9914319a3413c9c4fa0b8d7e798bf989) Importer(815301076,1909f56bfc062723c751e8b465ee728b)  -> (artifact id: 'b57c3ed94f91978af89d36fe4cb00bc3') in 0.012563 seconds 
========================================================================
Received Import Request.
  Time since last request: 0.000144 seconds.
  path: Assets/Assets/TD(kenney_tower-defense-top-down)/Tilesheet/Pallet/Tiles/towerDefense_tilesheet_62.asset
  artifactKey: Guid(e7c1d954852c52a4193326216a57d99e) Importer(815301076,1909f56bfc062723c751e8b465ee728b)
Start importing Assets/Assets/TD(kenney_tower-defense-top-down)/Tilesheet/Pallet/Tiles/towerDefense_tilesheet_62.asset using Guid(e7c1d954852c52a4193326216a57d99e) Importer(815301076,1909f56bfc062723c751e8b465ee728b)  -> (artifact id: 'b52f14809da30102e7a9668dcb7af955') in 0.012183 seconds 
========================================================================
Received Import Request.
  Time since last request: 0.000135 seconds.
  path: Assets/Assets/TD(kenney_tower-defense-top-down)/Tilesheet/Pallet/Tiles/towerDefense_tilesheet_72.asset
  artifactKey: Guid(0d2440bb55bdc444cb159828953e018e) Importer(815301076,1909f56bfc062723c751e8b465ee728b)
Start importing Assets/Assets/TD(kenney_tower-defense-top-down)/Tilesheet/Pallet/Tiles/towerDefense_tilesheet_72.asset using Guid(0d2440bb55bdc444cb159828953e018e) Importer(815301076,1909f56bfc062723c751e8b465ee728b)  -> (artifact id: '7b3624b5b45d7dfcbb8e39c1f3241132') in 0.012337 seconds 
========================================================================
Received Import Request.
  Time since last request: 0.000127 seconds.
  path: Assets/Assets/TD(kenney_tower-defense-top-down)/Tilesheet/Pallet/Tiles/towerDefense_tilesheet_64.asset
  artifactKey: Guid(7b48e4e9c7b957c4886c80cc4d83abee) Importer(815301076,1909f56bfc062723c751e8b465ee728b)
Start importing Assets/Assets/TD(kenney_tower-defense-top-down)/Tilesheet/Pallet/Tiles/towerDefense_tilesheet_64.asset using Guid(7b48e4e9c7b957c4886c80cc4d83abee) Importer(815301076,1909f56bfc062723c751e8b465ee728b)  -> (artifact id: 'dd944129fb8cf00ab0d1ee747f3fffcd') in 0.012266 seconds 
========================================================================
Received Import Request.
  Time since last request: 0.000122 seconds.
  path: Assets/Assets/TD(kenney_tower-defense-top-down)/Tilesheet/Pallet/Tiles/towerDefense_tilesheet_70.asset
  artifactKey: Guid(9e5bad78dfab5764e8c92676486a718e) Importer(815301076,1909f56bfc062723c751e8b465ee728b)
Start importing Assets/Assets/TD(kenney_tower-defense-top-down)/Tilesheet/Pallet/Tiles/towerDefense_tilesheet_70.asset using Guid(9e5bad78dfab5764e8c92676486a718e) Importer(815301076,1909f56bfc062723c751e8b465ee728b)  -> (artifact id: '80d96175031a40f3932d5ab88e859e0b') in 0.012048 seconds 
========================================================================
Received Import Request.
  Time since last request: 0.000154 seconds.
  path: Assets/Assets/TD(kenney_tower-defense-top-down)/Tilesheet/Pallet/Tiles/towerDefense_tilesheet_78.asset
  artifactKey: Guid(a90b7e00319dff940a07c536b5549a8f) Importer(815301076,1909f56bfc062723c751e8b465ee728b)
Start importing Assets/Assets/TD(kenney_tower-defense-top-down)/Tilesheet/Pallet/Tiles/towerDefense_tilesheet_78.asset using Guid(a90b7e00319dff940a07c536b5549a8f) Importer(815301076,1909f56bfc062723c751e8b465ee728b)  -> (artifact id: '9727879a502bc310278824b5b82edf3d') in 0.012778 seconds 
========================================================================
Received Import Request.
  Time since last request: 0.000126 seconds.
  path: Assets/Assets/TD(kenney_tower-defense-top-down)/Tilesheet/Pallet/Tiles/towerDefense_tilesheet_44.asset
  artifactKey: Guid(35a7362380164114eb5c708910b940c3) Importer(815301076,1909f56bfc062723c751e8b465ee728b)
Start importing Assets/Assets/TD(kenney_tower-defense-top-down)/Tilesheet/Pallet/Tiles/towerDefense_tilesheet_44.asset using Guid(35a7362380164114eb5c708910b940c3) Importer(815301076,1909f56bfc062723c751e8b465ee728b)  -> (artifact id: 'b56c65af8540f1eac46fc259cc89f088') in 0.013060 seconds 
========================================================================
Received Import Request.
  Time since last request: 0.000128 seconds.
  path: Assets/Assets/TD(kenney_tower-defense-top-down)/Tilesheet/Pallet/Tiles/towerDefense_tilesheet_41.asset
  artifactKey: Guid(ab6073c2e3f776540bc6dafe9ad7d82e) Importer(815301076,1909f56bfc062723c751e8b465ee728b)
Start importing Assets/Assets/TD(kenney_tower-defense-top-down)/Tilesheet/Pallet/Tiles/towerDefense_tilesheet_41.asset using Guid(ab6073c2e3f776540bc6dafe9ad7d82e) Importer(815301076,1909f56bfc062723c751e8b465ee728b)  -> (artifact id: '8ea3234822d3bee3f7e43a8331910736') in 0.013451 seconds 
========================================================================
Received Import Request.
  Time since last request: 0.000204 seconds.
  path: Assets/Assets/TD(kenney_tower-defense-top-down)/Tilesheet/Pallet/Tiles/towerDefense_tilesheet_50.asset
  artifactKey: Guid(03df92920fd26924f8dc31c504b22c9c) Importer(815301076,1909f56bfc062723c751e8b465ee728b)
Start importing Assets/Assets/TD(kenney_tower-defense-top-down)/Tilesheet/Pallet/Tiles/towerDefense_tilesheet_50.asset using Guid(03df92920fd26924f8dc31c504b22c9c) Importer(815301076,1909f56bfc062723c751e8b465ee728b)  -> (artifact id: '24fa7760cc85189540331ea929d35250') in 0.011993 seconds 
========================================================================
Received Import Request.
  Time since last request: 0.000162 seconds.
  path: Assets/Assets/TD(kenney_tower-defense-top-down)/Tilesheet/Pallet/Tiles/towerDefense_tilesheet_48.asset
  artifactKey: Guid(d0f08b9fab63b0c43b4c808e265bd089) Importer(815301076,1909f56bfc062723c751e8b465ee728b)
Start importing Assets/Assets/TD(kenney_tower-defense-top-down)/Tilesheet/Pallet/Tiles/towerDefense_tilesheet_48.asset using Guid(d0f08b9fab63b0c43b4c808e265bd089) Importer(815301076,1909f56bfc062723c751e8b465ee728b)  -> (artifact id: '67b69cd3b057ce2e54f5143060831819') in 0.012453 seconds 
========================================================================
Received Import Request.
  Time since last request: 0.000136 seconds.
  path: Assets/Assets/TD(kenney_tower-defense-top-down)/Tilesheet/Pallet/Tiles/towerDefense_tilesheet_75.asset
  artifactKey: Guid(52c5459ae9af37646bcf5beb22625b3d) Importer(815301076,1909f56bfc062723c751e8b465ee728b)
Start importing Assets/Assets/TD(kenney_tower-defense-top-down)/Tilesheet/Pallet/Tiles/towerDefense_tilesheet_75.asset using Guid(52c5459ae9af37646bcf5beb22625b3d) Importer(815301076,1909f56bfc062723c751e8b465ee728b)  -> (artifact id: '2dbad01e98e581f90b9d76ab63ba3389') in 0.012939 seconds 
========================================================================
Received Import Request.
  Time since last request: 0.000133 seconds.
  path: Assets/Assets/TD(kenney_tower-defense-top-down)/Tilesheet/Pallet/Tiles/towerDefense_tilesheet_80.asset
  artifactKey: Guid(c181b3498190e27448f0bf61b572eef6) Importer(815301076,1909f56bfc062723c751e8b465ee728b)
Start importing Assets/Assets/TD(kenney_tower-defense-top-down)/Tilesheet/Pallet/Tiles/towerDefense_tilesheet_80.asset using Guid(c181b3498190e27448f0bf61b572eef6) Importer(815301076,1909f56bfc062723c751e8b465ee728b)  -> (artifact id: 'dfddbb1e358d80728a3b9335f2286b19') in 0.012922 seconds 
========================================================================
Received Import Request.
  Time since last request: 0.000203 seconds.
  path: Assets/Assets/TD(kenney_tower-defense-top-down)/Tilesheet/Pallet/Tiles/towerDefense_tilesheet_66.asset
  artifactKey: Guid(994a31b38fb4d7e4bb92c76a27184487) Importer(815301076,1909f56bfc062723c751e8b465ee728b)
Start importing Assets/Assets/TD(kenney_tower-defense-top-down)/Tilesheet/Pallet/Tiles/towerDefense_tilesheet_66.asset using Guid(994a31b38fb4d7e4bb92c76a27184487) Importer(815301076,1909f56bfc062723c751e8b465ee728b)  -> (artifact id: '776c3ce982e62a47ce55943dca0063a0') in 0.012750 seconds 
========================================================================
Received Import Request.
  Time since last request: 0.000162 seconds.
  path: Assets/Assets/TD(kenney_tower-defense-top-down)/Tilesheet/Pallet/Tiles/towerDefense_tilesheet_60.asset
  artifactKey: Guid(0ba85a852869fe94d96368ef191dacf9) Importer(815301076,1909f56bfc062723c751e8b465ee728b)
Start importing Assets/Assets/TD(kenney_tower-defense-top-down)/Tilesheet/Pallet/Tiles/towerDefense_tilesheet_60.asset using Guid(0ba85a852869fe94d96368ef191dacf9) Importer(815301076,1909f56bfc062723c751e8b465ee728b)  -> (artifact id: '9461b0e4619cc65b1a742f585f2e8b3c') in 0.012227 seconds 
========================================================================
Received Import Request.
  Time since last request: 0.000130 seconds.
  path: Assets/Assets/TD(kenney_tower-defense-top-down)/Tilesheet/Pallet/Tiles/towerDefense_tilesheet_52.asset
  artifactKey: Guid(7dc2df2af7972a64a9d16d6a47cd1eea) Importer(815301076,1909f56bfc062723c751e8b465ee728b)
Start importing Assets/Assets/TD(kenney_tower-defense-top-down)/Tilesheet/Pallet/Tiles/towerDefense_tilesheet_52.asset using Guid(7dc2df2af7972a64a9d16d6a47cd1eea) Importer(815301076,1909f56bfc062723c751e8b465ee728b)  -> (artifact id: 'b65bee6605a103d1f7b301a1e5ea1f82') in 0.012197 seconds 
========================================================================
Received Import Request.
  Time since last request: 0.000132 seconds.
  path: Assets/Assets/TD(kenney_tower-defense-top-down)/Tilesheet/Pallet/Tiles/towerDefense_tilesheet_58.asset
  artifactKey: Guid(982b3af7e2d6e7649b669c322250da81) Importer(815301076,1909f56bfc062723c751e8b465ee728b)
Start importing Assets/Assets/TD(kenney_tower-defense-top-down)/Tilesheet/Pallet/Tiles/towerDefense_tilesheet_58.asset using Guid(982b3af7e2d6e7649b669c322250da81) Importer(815301076,1909f56bfc062723c751e8b465ee728b)  -> (artifact id: '487fe027e1a58612ba5ba40f548808ae') in 0.012359 seconds 
========================================================================
Received Import Request.
  Time since last request: 0.000144 seconds.
  path: Assets/Assets/TD(kenney_tower-defense-top-down)/Tilesheet/Pallet/Tiles/towerDefense_tilesheet_67.asset
  artifactKey: Guid(ce8e76240ca3f0943b346acf52f1d6ae) Importer(815301076,1909f56bfc062723c751e8b465ee728b)
Start importing Assets/Assets/TD(kenney_tower-defense-top-down)/Tilesheet/Pallet/Tiles/towerDefense_tilesheet_67.asset using Guid(ce8e76240ca3f0943b346acf52f1d6ae) Importer(815301076,1909f56bfc062723c751e8b465ee728b)  -> (artifact id: '7c6a0b243bce1439016658a8bdb54e4f') in 0.012683 seconds 
========================================================================
Received Import Request.
  Time since last request: 0.000136 seconds.
  path: Assets/Assets/TD(kenney_tower-defense-top-down)/Tilesheet/Pallet/Tiles/towerDefense_tilesheet_73.asset
  artifactKey: Guid(26b026603a693834bb28311b6dd85ac8) Importer(815301076,1909f56bfc062723c751e8b465ee728b)
Start importing Assets/Assets/TD(kenney_tower-defense-top-down)/Tilesheet/Pallet/Tiles/towerDefense_tilesheet_73.asset using Guid(26b026603a693834bb28311b6dd85ac8) Importer(815301076,1909f56bfc062723c751e8b465ee728b)  -> (artifact id: '97e8435df446ee70634412941338d3b2') in 0.013159 seconds 
========================================================================
Received Import Request.
  Time since last request: 0.000130 seconds.
  path: Assets/Assets/TD(kenney_tower-defense-top-down)/Tilesheet/Pallet/Tiles/towerDefense_tilesheet_38.asset
  artifactKey: Guid(2a3e7d82aba2a75488d5f7da6f2541f4) Importer(815301076,1909f56bfc062723c751e8b465ee728b)
Start importing Assets/Assets/TD(kenney_tower-defense-top-down)/Tilesheet/Pallet/Tiles/towerDefense_tilesheet_38.asset using Guid(2a3e7d82aba2a75488d5f7da6f2541f4) Importer(815301076,1909f56bfc062723c751e8b465ee728b)  -> (artifact id: '500a08a17c4cbaabfce02eca8f532641') in 0.012537 seconds 
========================================================================
Received Import Request.
  Time since last request: 0.000142 seconds.
  path: Assets/Assets/TD(kenney_tower-defense-top-down)/Tilesheet/Pallet/Tiles/towerDefense_tilesheet_37.asset
  artifactKey: Guid(311b6aeed21f1b74694261a4dccd6fd5) Importer(815301076,1909f56bfc062723c751e8b465ee728b)
Start importing Assets/Assets/TD(kenney_tower-defense-top-down)/Tilesheet/Pallet/Tiles/towerDefense_tilesheet_37.asset using Guid(311b6aeed21f1b74694261a4dccd6fd5) Importer(815301076,1909f56bfc062723c751e8b465ee728b)  -> (artifact id: '120d5f1daff2609ed79d7ac715f1fc6b') in 0.012061 seconds 
========================================================================
Received Import Request.
  Time since last request: 0.000199 seconds.
  path: Assets/Assets/TD(kenney_tower-defense-top-down)/Tilesheet/Pallet/Tiles/towerDefense_tilesheet_76.asset
  artifactKey: Guid(9e0c3e2b94f4afd4cb405ebfe14eba41) Importer(815301076,1909f56bfc062723c751e8b465ee728b)
Start importing Assets/Assets/TD(kenney_tower-defense-top-down)/Tilesheet/Pallet/Tiles/towerDefense_tilesheet_76.asset using Guid(9e0c3e2b94f4afd4cb405ebfe14eba41) Importer(815301076,1909f56bfc062723c751e8b465ee728b)  -> (artifact id: '58f2fad84ba1fcc5658044b4f09ddf9f') in 0.011914 seconds 
========================================================================
Received Import Request.
  Time since last request: 0.000140 seconds.
  path: Assets/Assets/TD(kenney_tower-defense-top-down)/Tilesheet/Pallet/Tiles/towerDefense_tilesheet_81.asset
  artifactKey: Guid(34fd32a2a6d3a6a46bb50321661e7486) Importer(815301076,1909f56bfc062723c751e8b465ee728b)
Start importing Assets/Assets/TD(kenney_tower-defense-top-down)/Tilesheet/Pallet/Tiles/towerDefense_tilesheet_81.asset using Guid(34fd32a2a6d3a6a46bb50321661e7486) Importer(815301076,1909f56bfc062723c751e8b465ee728b)  -> (artifact id: 'fa8c48b6c7c3508a207e6083296fd13c') in 0.012786 seconds 
========================================================================
Received Import Request.
  Time since last request: 0.000128 seconds.
  path: Assets/Assets/TD(kenney_tower-defense-top-down)/Tilesheet/Pallet/Tiles/towerDefense_tilesheet_56.asset
  artifactKey: Guid(8a177d783b5aa504ea71868f3469bea2) Importer(815301076,1909f56bfc062723c751e8b465ee728b)
Start importing Assets/Assets/TD(kenney_tower-defense-top-down)/Tilesheet/Pallet/Tiles/towerDefense_tilesheet_56.asset using Guid(8a177d783b5aa504ea71868f3469bea2) Importer(815301076,1909f56bfc062723c751e8b465ee728b)  -> (artifact id: '58f8fbab4d9e8bf9d92868b808440bc4') in 0.012805 seconds 
========================================================================
Received Import Request.
  Time since last request: 0.000153 seconds.
  path: Assets/Assets/TD(kenney_tower-defense-top-down)/Tilesheet/Pallet/Tiles/towerDefense_tilesheet_65.asset
  artifactKey: Guid(c535f7ac44fe37840a2dcc0401fea6b6) Importer(815301076,1909f56bfc062723c751e8b465ee728b)
Start importing Assets/Assets/TD(kenney_tower-defense-top-down)/Tilesheet/Pallet/Tiles/towerDefense_tilesheet_65.asset using Guid(c535f7ac44fe37840a2dcc0401fea6b6) Importer(815301076,1909f56bfc062723c751e8b465ee728b)  -> (artifact id: 'e010ca210f8f9e7045a1657e9f2b5ccb') in 0.012350 seconds 
========================================================================
Received Import Request.
  Time since last request: 0.000152 seconds.
  path: Assets/Assets/TD(kenney_tower-defense-top-down)/Tilesheet/Pallet/Tiles/towerDefense_tilesheet_68.asset
  artifactKey: Guid(f943a091883fbb04cb721b40bc3b63a1) Importer(815301076,1909f56bfc062723c751e8b465ee728b)
Start importing Assets/Assets/TD(kenney_tower-defense-top-down)/Tilesheet/Pallet/Tiles/towerDefense_tilesheet_68.asset using Guid(f943a091883fbb04cb721b40bc3b63a1) Importer(815301076,1909f56bfc062723c751e8b465ee728b)  -> (artifact id: '7e84e1679249a1f2392b503bc5f37412') in 0.011950 seconds 
========================================================================
Received Import Request.
  Time since last request: 0.000141 seconds.
  path: Assets/Assets/TD(kenney_tower-defense-top-down)/Tilesheet/Pallet/Tiles/towerDefense_tilesheet_74.asset
  artifactKey: Guid(bb0a4e22d44e9de4bad2be34f4b0ef27) Importer(815301076,1909f56bfc062723c751e8b465ee728b)
Start importing Assets/Assets/TD(kenney_tower-defense-top-down)/Tilesheet/Pallet/Tiles/towerDefense_tilesheet_74.asset using Guid(bb0a4e22d44e9de4bad2be34f4b0ef27) Importer(815301076,1909f56bfc062723c751e8b465ee728b)  -> (artifact id: 'c5270fb4ca939c29feb9d76ee964a2b9') in 0.013948 seconds 
========================================================================
Received Import Request.
  Time since last request: 0.000138 seconds.
  path: Assets/Assets/TD(kenney_tower-defense-top-down)/Tilesheet/Pallet/Tiles/towerDefense_tilesheet_42.asset
  artifactKey: Guid(650e77876d2aad044b19e8a47263d819) Importer(815301076,1909f56bfc062723c751e8b465ee728b)
Start importing Assets/Assets/TD(kenney_tower-defense-top-down)/Tilesheet/Pallet/Tiles/towerDefense_tilesheet_42.asset using Guid(650e77876d2aad044b19e8a47263d819) Importer(815301076,1909f56bfc062723c751e8b465ee728b)  -> (artifact id: '60c2af58891b95fce656e49d5fc8dbb1') in 0.012686 seconds 
AssetImportWorkerClient::OnTransportError - code=2 error=End of file
